DEBUG - 2025-02-12 01:52:04 --> Session: Class initialized using 'CodeIgniter\Session\Handlers\FileHandler' driver.
ERROR - 2025-02-12 01:52:19 --> Error connecting to the database: mysqli_sql_exception: No connection could be made because the target machine actively refused it in C:\Users\Fajar Hidayatuloh\Documents\project\projectCI4\system\Database\MySQLi\Connection.php:186
Stack trace:
#0 C:\Users\Fajar Hidayatuloh\Documents\project\projectCI4\system\Database\MySQLi\Connection.php(186): mysqli->real_connect('localhost', 'root', Object(SensitiveParameterValue), 'clint_pengajuan', 3306, '', 0)
#1 C:\Users\Fajar Hidayatuloh\Documents\project\projectCI4\system\Database\BaseConnection.php(421): CodeIgniter\Database\MySQLi\Connection->connect(false)
#2 C:\Users\Fajar Hidayatuloh\Documents\project\projectCI4\system\Database\BaseConnection.php(616): CodeIgniter\Database\BaseConnection->initialize()
#3 C:\Users\Fajar Hidayatuloh\Documents\project\projectCI4\system\Database\BaseBuilder.php(1644): CodeIgniter\Database\BaseConnection->query('SELECT *\nFROM `...', Array, false)
#4 C:\Users\Fajar Hidayatuloh\Documents\project\projectCI4\system\Model.php(330): CodeIgniter\Database\BaseBuilder->get()
#5 C:\Users\Fajar Hidayatuloh\Documents\project\projectCI4\system\BaseModel.php(713): CodeIgniter\Model->doFirst()
#6 C:\Users\Fajar Hidayatuloh\Documents\project\projectCI4\app\Controllers\Auth\Auth.php(24): CodeIgniter\BaseModel->first()
#7 C:\Users\Fajar Hidayatuloh\Documents\project\projectCI4\system\CodeIgniter.php(933): App\Controllers\Auth\Auth->login()
#8 C:\Users\Fajar Hidayatuloh\Documents\project\projectCI4\system\CodeIgniter.php(509): CodeIgniter\CodeIgniter->runController(Object(App\Controllers\Auth\Auth))
#9 C:\Users\Fajar Hidayatuloh\Documents\project\projectCI4\system\CodeIgniter.php(355): CodeIgniter\CodeIgniter->handleRequest(NULL, Object(Config\Cache), false)
#10 C:\Users\Fajar Hidayatuloh\Documents\project\projectCI4\system\Boot.php(334): CodeIgniter\CodeIgniter->run()
#11 C:\Users\Fajar Hidayatuloh\Documents\project\projectCI4\system\Boot.php(67): CodeIgniter\Boot::runCodeIgniter(Object(CodeIgniter\CodeIgniter))
#12 C:\Users\Fajar Hidayatuloh\Documents\project\projectCI4\public\index.php(56): CodeIgniter\Boot::bootWeb(Object(Config\Paths))
#13 C:\Users\Fajar Hidayatuloh\Documents\project\projectCI4\system\rewrite.php(44): require_once('C:\\Users\\Fajar ...')
#14 {main}

Next CodeIgniter\Database\Exceptions\DatabaseException: No connection could be made because the target machine actively refused it in C:\Users\Fajar Hidayatuloh\Documents\project\projectCI4\system\Database\MySQLi\Connection.php:231
Stack trace:
#0 C:\Users\Fajar Hidayatuloh\Documents\project\projectCI4\system\Database\BaseConnection.php(421): CodeIgniter\Database\MySQLi\Connection->connect(false)
#1 C:\Users\Fajar Hidayatuloh\Documents\project\projectCI4\system\Database\BaseConnection.php(616): CodeIgniter\Database\BaseConnection->initialize()
#2 C:\Users\Fajar Hidayatuloh\Documents\project\projectCI4\system\Database\BaseBuilder.php(1644): CodeIgniter\Database\BaseConnection->query('SELECT *\nFROM `...', Array, false)
#3 C:\Users\Fajar Hidayatuloh\Documents\project\projectCI4\system\Model.php(330): CodeIgniter\Database\BaseBuilder->get()
#4 C:\Users\Fajar Hidayatuloh\Documents\project\projectCI4\system\BaseModel.php(713): CodeIgniter\Model->doFirst()
#5 C:\Users\Fajar Hidayatuloh\Documents\project\projectCI4\app\Controllers\Auth\Auth.php(24): CodeIgniter\BaseModel->first()
#6 C:\Users\Fajar Hidayatuloh\Documents\project\projectCI4\system\CodeIgniter.php(933): App\Controllers\Auth\Auth->login()
#7 C:\Users\Fajar Hidayatuloh\Documents\project\projectCI4\system\CodeIgniter.php(509): CodeIgniter\CodeIgniter->runController(Object(App\Controllers\Auth\Auth))
#8 C:\Users\Fajar Hidayatuloh\Documents\project\projectCI4\system\CodeIgniter.php(355): CodeIgniter\CodeIgniter->handleRequest(NULL, Object(Config\Cache), false)
#9 C:\Users\Fajar Hidayatuloh\Documents\project\projectCI4\system\Boot.php(334): CodeIgniter\CodeIgniter->run()
#10 C:\Users\Fajar Hidayatuloh\Documents\project\projectCI4\system\Boot.php(67): CodeIgniter\Boot::runCodeIgniter(Object(CodeIgniter\CodeIgniter))
#11 C:\Users\Fajar Hidayatuloh\Documents\project\projectCI4\public\index.php(56): CodeIgniter\Boot::bootWeb(Object(Config\Paths))
#12 C:\Users\Fajar Hidayatuloh\Documents\project\projectCI4\system\rewrite.php(44): require_once('C:\\Users\\Fajar ...')
#13 {main}
CRITICAL - 2025-02-12 01:52:19 --> CodeIgniter\Database\Exceptions\DatabaseException: Unable to connect to the database.
Main connection [MySQLi]: No connection could be made because the target machine actively refused it
[Method: POST, Route: login]
in SYSTEMPATH\Database\BaseConnection.php on line 467.
 1 SYSTEMPATH\Database\BaseConnection.php(616): CodeIgniter\Database\BaseConnection->initialize()
 2 SYSTEMPATH\Database\BaseBuilder.php(1644): CodeIgniter\Database\BaseConnection->query('SELECT *
FROM `admins`
WHERE `email` = :email:
 LIMIT 1', [...], false)
 3 SYSTEMPATH\Model.php(330): CodeIgniter\Database\BaseBuilder->get()
 4 SYSTEMPATH\BaseModel.php(713): CodeIgniter\Model->doFirst()
 5 APPPATH\Controllers\Auth\Auth.php(24): CodeIgniter\BaseModel->first()
 6 SYSTEMPATH\CodeIgniter.php(933): App\Controllers\Auth\Auth->login()
 7 SYSTEMPATH\CodeIgniter.php(509): CodeIgniter\CodeIgniter->runController(Object(App\Controllers\Auth\Auth))
 8 SYSTEMPATH\CodeIgniter.php(355): CodeIgniter\CodeIgniter->handleRequest(null, Object(Config\Cache), false)
 9 SYSTEMPATH\Boot.php(334): CodeIgniter\CodeIgniter->run()
10 SYSTEMPATH\Boot.php(67): CodeIgniter\Boot::runCodeIgniter(Object(CodeIgniter\CodeIgniter))
11 FCPATH\index.php(56): CodeIgniter\Boot::bootWeb(Object(Config\Paths))
12 SYSTEMPATH\rewrite.php(44): require_once('C:\\Users\\Fajar Hidayatuloh\\Documents\\project\\projectCI4\\public\\index.php')
DEBUG - 2025-02-12 01:52:29 --> Session: Class initialized using 'CodeIgniter\Session\Handlers\FileHandler' driver.
ERROR - 2025-02-12 01:52:42 --> Error connecting to the database: mysqli_sql_exception: No connection could be made because the target machine actively refused it in C:\Users\Fajar Hidayatuloh\Documents\project\projectCI4\system\Database\MySQLi\Connection.php:186
Stack trace:
#0 C:\Users\Fajar Hidayatuloh\Documents\project\projectCI4\system\Database\MySQLi\Connection.php(186): mysqli->real_connect('localhost', 'root', Object(SensitiveParameterValue), 'clint_pengajuan', 3306, '', 0)
#1 C:\Users\Fajar Hidayatuloh\Documents\project\projectCI4\system\Database\BaseConnection.php(421): CodeIgniter\Database\MySQLi\Connection->connect(false)
#2 C:\Users\Fajar Hidayatuloh\Documents\project\projectCI4\system\Database\BaseConnection.php(616): CodeIgniter\Database\BaseConnection->initialize()
#3 C:\Users\Fajar Hidayatuloh\Documents\project\projectCI4\system\Database\BaseBuilder.php(1644): CodeIgniter\Database\BaseConnection->query('SELECT *\nFROM `...', Array, false)
#4 C:\Users\Fajar Hidayatuloh\Documents\project\projectCI4\system\Model.php(330): CodeIgniter\Database\BaseBuilder->get()
#5 C:\Users\Fajar Hidayatuloh\Documents\project\projectCI4\system\BaseModel.php(713): CodeIgniter\Model->doFirst()
#6 C:\Users\Fajar Hidayatuloh\Documents\project\projectCI4\app\Controllers\Auth\Auth.php(24): CodeIgniter\BaseModel->first()
#7 C:\Users\Fajar Hidayatuloh\Documents\project\projectCI4\system\CodeIgniter.php(933): App\Controllers\Auth\Auth->login()
#8 C:\Users\Fajar Hidayatuloh\Documents\project\projectCI4\system\CodeIgniter.php(509): CodeIgniter\CodeIgniter->runController(Object(App\Controllers\Auth\Auth))
#9 C:\Users\Fajar Hidayatuloh\Documents\project\projectCI4\system\CodeIgniter.php(355): CodeIgniter\CodeIgniter->handleRequest(NULL, Object(Config\Cache), false)
#10 C:\Users\Fajar Hidayatuloh\Documents\project\projectCI4\system\Boot.php(334): CodeIgniter\CodeIgniter->run()
#11 C:\Users\Fajar Hidayatuloh\Documents\project\projectCI4\system\Boot.php(67): CodeIgniter\Boot::runCodeIgniter(Object(CodeIgniter\CodeIgniter))
#12 C:\Users\Fajar Hidayatuloh\Documents\project\projectCI4\public\index.php(56): CodeIgniter\Boot::bootWeb(Object(Config\Paths))
#13 C:\Users\Fajar Hidayatuloh\Documents\project\projectCI4\system\rewrite.php(44): require_once('C:\\Users\\Fajar ...')
#14 {main}

Next CodeIgniter\Database\Exceptions\DatabaseException: No connection could be made because the target machine actively refused it in C:\Users\Fajar Hidayatuloh\Documents\project\projectCI4\system\Database\MySQLi\Connection.php:231
Stack trace:
#0 C:\Users\Fajar Hidayatuloh\Documents\project\projectCI4\system\Database\BaseConnection.php(421): CodeIgniter\Database\MySQLi\Connection->connect(false)
#1 C:\Users\Fajar Hidayatuloh\Documents\project\projectCI4\system\Database\BaseConnection.php(616): CodeIgniter\Database\BaseConnection->initialize()
#2 C:\Users\Fajar Hidayatuloh\Documents\project\projectCI4\system\Database\BaseBuilder.php(1644): CodeIgniter\Database\BaseConnection->query('SELECT *\nFROM `...', Array, false)
#3 C:\Users\Fajar Hidayatuloh\Documents\project\projectCI4\system\Model.php(330): CodeIgniter\Database\BaseBuilder->get()
#4 C:\Users\Fajar Hidayatuloh\Documents\project\projectCI4\system\BaseModel.php(713): CodeIgniter\Model->doFirst()
#5 C:\Users\Fajar Hidayatuloh\Documents\project\projectCI4\app\Controllers\Auth\Auth.php(24): CodeIgniter\BaseModel->first()
#6 C:\Users\Fajar Hidayatuloh\Documents\project\projectCI4\system\CodeIgniter.php(933): App\Controllers\Auth\Auth->login()
#7 C:\Users\Fajar Hidayatuloh\Documents\project\projectCI4\system\CodeIgniter.php(509): CodeIgniter\CodeIgniter->runController(Object(App\Controllers\Auth\Auth))
#8 C:\Users\Fajar Hidayatuloh\Documents\project\projectCI4\system\CodeIgniter.php(355): CodeIgniter\CodeIgniter->handleRequest(NULL, Object(Config\Cache), false)
#9 C:\Users\Fajar Hidayatuloh\Documents\project\projectCI4\system\Boot.php(334): CodeIgniter\CodeIgniter->run()
#10 C:\Users\Fajar Hidayatuloh\Documents\project\projectCI4\system\Boot.php(67): CodeIgniter\Boot::runCodeIgniter(Object(CodeIgniter\CodeIgniter))
#11 C:\Users\Fajar Hidayatuloh\Documents\project\projectCI4\public\index.php(56): CodeIgniter\Boot::bootWeb(Object(Config\Paths))
#12 C:\Users\Fajar Hidayatuloh\Documents\project\projectCI4\system\rewrite.php(44): require_once('C:\\Users\\Fajar ...')
#13 {main}
CRITICAL - 2025-02-12 01:52:42 --> CodeIgniter\Database\Exceptions\DatabaseException: Unable to connect to the database.
Main connection [MySQLi]: No connection could be made because the target machine actively refused it
[Method: POST, Route: login]
in SYSTEMPATH\Database\BaseConnection.php on line 467.
 1 SYSTEMPATH\Database\BaseConnection.php(616): CodeIgniter\Database\BaseConnection->initialize()
 2 SYSTEMPATH\Database\BaseBuilder.php(1644): CodeIgniter\Database\BaseConnection->query('SELECT *
FROM `admins`
WHERE `email` = :email:
 LIMIT 1', [...], false)
 3 SYSTEMPATH\Model.php(330): CodeIgniter\Database\BaseBuilder->get()
 4 SYSTEMPATH\BaseModel.php(713): CodeIgniter\Model->doFirst()
 5 APPPATH\Controllers\Auth\Auth.php(24): CodeIgniter\BaseModel->first()
 6 SYSTEMPATH\CodeIgniter.php(933): App\Controllers\Auth\Auth->login()
 7 SYSTEMPATH\CodeIgniter.php(509): CodeIgniter\CodeIgniter->runController(Object(App\Controllers\Auth\Auth))
 8 SYSTEMPATH\CodeIgniter.php(355): CodeIgniter\CodeIgniter->handleRequest(null, Object(Config\Cache), false)
 9 SYSTEMPATH\Boot.php(334): CodeIgniter\CodeIgniter->run()
10 SYSTEMPATH\Boot.php(67): CodeIgniter\Boot::runCodeIgniter(Object(CodeIgniter\CodeIgniter))
11 FCPATH\index.php(56): CodeIgniter\Boot::bootWeb(Object(Config\Paths))
12 SYSTEMPATH\rewrite.php(44): require_once('C:\\Users\\Fajar Hidayatuloh\\Documents\\project\\projectCI4\\public\\index.php')
DEBUG - 2025-02-12 01:52:54 --> Session: Class initialized using 'CodeIgniter\Session\Handlers\FileHandler' driver.
DEBUG - 2025-02-12 01:53:40 --> Session: Class initialized using 'CodeIgniter\Session\Handlers\FileHandler' driver.
DEBUG - 2025-02-12 01:53:40 --> Session: Class initialized using 'CodeIgniter\Session\Handlers\FileHandler' driver.
DEBUG - 2025-02-12 01:57:51 --> Session: Class initialized using 'CodeIgniter\Session\Handlers\FileHandler' driver.
DEBUG - 2025-02-12 01:57:55 --> Session: Class initialized using 'CodeIgniter\Session\Handlers\FileHandler' driver.
DEBUG - 2025-02-12 02:30:21 --> Session: Class initialized using 'CodeIgniter\Session\Handlers\FileHandler' driver.
DEBUG - 2025-02-12 02:31:05 --> Session: Class initialized using 'CodeIgniter\Session\Handlers\FileHandler' driver.
ERROR - 2025-02-12 02:31:41 --> mysqli_sql_exception: Table 'clint_pengajuan.users' doesn't exist in C:\Users\Fajar Hidayatuloh\Documents\project\projectCI4\system\Database\MySQLi\Connection.php:312
Stack trace:
#0 C:\Users\Fajar Hidayatuloh\Documents\project\projectCI4\system\Database\MySQLi\Connection.php(312): mysqli->query('SELECT 1\nFROM `...', 0)
#1 C:\Users\Fajar Hidayatuloh\Documents\project\projectCI4\system\Database\BaseConnection.php(734): CodeIgniter\Database\MySQLi\Connection->execute('SELECT 1\nFROM `...')
#2 C:\Users\Fajar Hidayatuloh\Documents\project\projectCI4\system\Database\BaseConnection.php(648): CodeIgniter\Database\BaseConnection->simpleQuery('SELECT 1\nFROM `...')
#3 C:\Users\Fajar Hidayatuloh\Documents\project\projectCI4\system\Database\BaseBuilder.php(1644): CodeIgniter\Database\BaseConnection->query('SELECT 1\nFROM `...', Array, false)
#4 C:\Users\Fajar Hidayatuloh\Documents\project\projectCI4\system\Validation\StrictRules\Rules.php(232): CodeIgniter\Database\BaseBuilder->get()
#5 C:\Users\Fajar Hidayatuloh\Documents\project\projectCI4\system\Validation\Validation.php(338): CodeIgniter\Validation\StrictRules\Rules->is_unique('saya@example.co...', 'email', Array, NULL, 'email')
#6 C:\Users\Fajar Hidayatuloh\Documents\project\projectCI4\system\Validation\Validation.php(203): CodeIgniter\Validation\Validation->processRules('email', 'email', 'saya@example.co...', Array, Array, 'email')
#7 C:\Users\Fajar Hidayatuloh\Documents\project\projectCI4\system\Controller.php(138): CodeIgniter\Validation\Validation->run()
#8 C:\Users\Fajar Hidayatuloh\Documents\project\projectCI4\app\Controllers\AdminController.php(65): CodeIgniter\Controller->validate(Array)
#9 C:\Users\Fajar Hidayatuloh\Documents\project\projectCI4\system\CodeIgniter.php(933): App\Controllers\AdminController->storeFo()
#10 C:\Users\Fajar Hidayatuloh\Documents\project\projectCI4\system\CodeIgniter.php(509): CodeIgniter\CodeIgniter->runController(Object(App\Controllers\AdminController))
#11 C:\Users\Fajar Hidayatuloh\Documents\project\projectCI4\system\CodeIgniter.php(355): CodeIgniter\CodeIgniter->handleRequest(NULL, Object(Config\Cache), false)
#12 C:\Users\Fajar Hidayatuloh\Documents\project\projectCI4\system\Boot.php(334): CodeIgniter\CodeIgniter->run()
#13 C:\Users\Fajar Hidayatuloh\Documents\project\projectCI4\system\Boot.php(67): CodeIgniter\Boot::runCodeIgniter(Object(CodeIgniter\CodeIgniter))
#14 C:\Users\Fajar Hidayatuloh\Documents\project\projectCI4\public\index.php(56): CodeIgniter\Boot::bootWeb(Object(Config\Paths))
#15 C:\Users\Fajar Hidayatuloh\Documents\project\projectCI4\system\rewrite.php(44): require_once('C:\\Users\\Fajar ...')
#16 {main}
CRITICAL - 2025-02-12 02:31:41 --> CodeIgniter\Database\Exceptions\DatabaseException: Table 'clint_pengajuan.users' doesn't exist
[Method: POST, Route: admin/store]
in SYSTEMPATH\Database\BaseConnection.php on line 688.
 1 SYSTEMPATH\Database\BaseBuilder.php(1644): CodeIgniter\Database\BaseConnection->query('SELECT 1
FROM `users`
WHERE `email` = :email:
 LIMIT 1', [...], false)
 2 SYSTEMPATH\Validation\StrictRules\Rules.php(232): CodeIgniter\Database\BaseBuilder->get()
 3 SYSTEMPATH\Validation\Validation.php(338): CodeIgniter\Validation\StrictRules\Rules->is_unique('saya@example.com', 'email', [...], null, 'email')
 4 SYSTEMPATH\Validation\Validation.php(203): CodeIgniter\Validation\Validation->processRules('email', 'email', 'saya@example.com', [...], [...], 'email')
 5 SYSTEMPATH\Controller.php(138): CodeIgniter\Validation\Validation->run()
 6 APPPATH\Controllers\AdminController.php(65): CodeIgniter\Controller->validate([...])
 7 SYSTEMPATH\CodeIgniter.php(933): App\Controllers\AdminController->storeFo()
 8 SYSTEMPATH\CodeIgniter.php(509): CodeIgniter\CodeIgniter->runController(Object(App\Controllers\AdminController))
 9 SYSTEMPATH\CodeIgniter.php(355): CodeIgniter\CodeIgniter->handleRequest(null, Object(Config\Cache), false)
10 SYSTEMPATH\Boot.php(334): CodeIgniter\CodeIgniter->run()
11 SYSTEMPATH\Boot.php(67): CodeIgniter\Boot::runCodeIgniter(Object(CodeIgniter\CodeIgniter))
12 FCPATH\index.php(56): CodeIgniter\Boot::bootWeb(Object(Config\Paths))
13 SYSTEMPATH\rewrite.php(44): require_once('C:\\Users\\Fajar Hidayatuloh\\Documents\\project\\projectCI4\\public\\index.php')
CRITICAL - 2025-02-12 02:31:41 --> [Caused by] CodeIgniter\Database\Exceptions\DatabaseException: Table 'clint_pengajuan.users' doesn't exist
in SYSTEMPATH\Database\MySQLi\Connection.php on line 317.
 1 SYSTEMPATH\Database\BaseConnection.php(734): CodeIgniter\Database\MySQLi\Connection->execute('SELECT 1
FROM `users`
WHERE `email` = \'saya@example.com\'
 LIMIT 1')
 2 SYSTEMPATH\Database\BaseConnection.php(648): CodeIgniter\Database\BaseConnection->simpleQuery('SELECT 1
FROM `users`
WHERE `email` = \'saya@example.com\'
 LIMIT 1')
 3 SYSTEMPATH\Database\BaseBuilder.php(1644): CodeIgniter\Database\BaseConnection->query('SELECT 1
FROM `users`
WHERE `email` = :email:
 LIMIT 1', [...], false)
 4 SYSTEMPATH\Validation\StrictRules\Rules.php(232): CodeIgniter\Database\BaseBuilder->get()
 5 SYSTEMPATH\Validation\Validation.php(338): CodeIgniter\Validation\StrictRules\Rules->is_unique('saya@example.com', 'email', [...], null, 'email')
 6 SYSTEMPATH\Validation\Validation.php(203): CodeIgniter\Validation\Validation->processRules('email', 'email', 'saya@example.com', [...], [...], 'email')
 7 SYSTEMPATH\Controller.php(138): CodeIgniter\Validation\Validation->run()
 8 APPPATH\Controllers\AdminController.php(65): CodeIgniter\Controller->validate([...])
 9 SYSTEMPATH\CodeIgniter.php(933): App\Controllers\AdminController->storeFo()
10 SYSTEMPATH\CodeIgniter.php(509): CodeIgniter\CodeIgniter->runController(Object(App\Controllers\AdminController))
11 SYSTEMPATH\CodeIgniter.php(355): CodeIgniter\CodeIgniter->handleRequest(null, Object(Config\Cache), false)
12 SYSTEMPATH\Boot.php(334): CodeIgniter\CodeIgniter->run()
13 SYSTEMPATH\Boot.php(67): CodeIgniter\Boot::runCodeIgniter(Object(CodeIgniter\CodeIgniter))
14 FCPATH\index.php(56): CodeIgniter\Boot::bootWeb(Object(Config\Paths))
15 SYSTEMPATH\rewrite.php(44): require_once('C:\\Users\\Fajar Hidayatuloh\\Documents\\project\\projectCI4\\public\\index.php')
CRITICAL - 2025-02-12 02:31:41 --> [Caused by] mysqli_sql_exception: Table 'clint_pengajuan.users' doesn't exist
in SYSTEMPATH\Database\MySQLi\Connection.php on line 312.
 1 SYSTEMPATH\Database\MySQLi\Connection.php(312): mysqli->query('SELECT 1
FROM `users`
WHERE `email` = \'saya@example.com\'
 LIMIT 1', 0)
 2 SYSTEMPATH\Database\BaseConnection.php(734): CodeIgniter\Database\MySQLi\Connection->execute('SELECT 1
FROM `users`
WHERE `email` = \'saya@example.com\'
 LIMIT 1')
 3 SYSTEMPATH\Database\BaseConnection.php(648): CodeIgniter\Database\BaseConnection->simpleQuery('SELECT 1
FROM `users`
WHERE `email` = \'saya@example.com\'
 LIMIT 1')
 4 SYSTEMPATH\Database\BaseBuilder.php(1644): CodeIgniter\Database\BaseConnection->query('SELECT 1
FROM `users`
WHERE `email` = :email:
 LIMIT 1', [...], false)
 5 SYSTEMPATH\Validation\StrictRules\Rules.php(232): CodeIgniter\Database\BaseBuilder->get()
 6 SYSTEMPATH\Validation\Validation.php(338): CodeIgniter\Validation\StrictRules\Rules->is_unique('saya@example.com', 'email', [...], null, 'email')
 7 SYSTEMPATH\Validation\Validation.php(203): CodeIgniter\Validation\Validation->processRules('email', 'email', 'saya@example.com', [...], [...], 'email')
 8 SYSTEMPATH\Controller.php(138): CodeIgniter\Validation\Validation->run()
 9 APPPATH\Controllers\AdminController.php(65): CodeIgniter\Controller->validate([...])
10 SYSTEMPATH\CodeIgniter.php(933): App\Controllers\AdminController->storeFo()
11 SYSTEMPATH\CodeIgniter.php(509): CodeIgniter\CodeIgniter->runController(Object(App\Controllers\AdminController))
12 SYSTEMPATH\CodeIgniter.php(355): CodeIgniter\CodeIgniter->handleRequest(null, Object(Config\Cache), false)
13 SYSTEMPATH\Boot.php(334): CodeIgniter\CodeIgniter->run()
14 SYSTEMPATH\Boot.php(67): CodeIgniter\Boot::runCodeIgniter(Object(CodeIgniter\CodeIgniter))
15 FCPATH\index.php(56): CodeIgniter\Boot::bootWeb(Object(Config\Paths))
16 SYSTEMPATH\rewrite.php(44): require_once('C:\\Users\\Fajar Hidayatuloh\\Documents\\project\\projectCI4\\public\\index.php')
