ERROR - 2025-03-24 01:54:23 --> Error connecting to the database: mysqli_sql_exception: Unknown database 'db_disduk' in A:\project\projectCI4\system\Database\MySQLi\Connection.php:186
Stack trace:
#0 A:\project\projectCI4\system\Database\MySQLi\Connection.php(186): mysqli->real_connect('127.0.0.1', 'root', Object(SensitiveParameterValue), 'db_disduk', 3306, '', 0)
#1 A:\project\projectCI4\system\Database\BaseConnection.php(421): CodeIgniter\Database\MySQLi\Connection->connect(false)
#2 A:\project\projectCI4\system\Database\BaseConnection.php(616): CodeIgniter\Database\BaseConnection->initialize()
#3 A:\project\projectCI4\system\Database\BaseConnection.php(1487): CodeIgniter\Database\BaseConnection->query('SHOW TABLES FRO...')
#4 A:\project\projectCI4\system\Database\BaseConnection.php(1507): CodeIgniter\Database\BaseConnection->listTables()
#5 A:\project\projectCI4\system\Database\MigrationRunner.php(758): CodeIgniter\Database\BaseConnection->tableExists('migrations')
#6 A:\project\projectCI4\system\Database\MigrationRunner.php(162): CodeIgniter\Database\MigrationRunner->ensureTable()
#7 A:\project\projectCI4\system\Commands\Database\Migrate.php(85): CodeIgniter\Database\MigrationRunner->latest(NULL)
#8 A:\project\projectCI4\system\CLI\Commands.php(70): CodeIgniter\Commands\Database\Migrate->run(Array)
#9 A:\project\projectCI4\system\CLI\Console.php(48): CodeIgniter\CLI\Commands->run('migrate', Array)
#10 A:\project\projectCI4\system\Boot.php(360): CodeIgniter\CLI\Console->run()
#11 A:\project\projectCI4\system\Boot.php(104): CodeIgniter\Boot::runCommand(Object(CodeIgniter\CLI\Console))
#12 A:\project\projectCI4\spark(84): CodeIgniter\Boot::bootSpark(Object(Config\Paths))
#13 {main}

Next CodeIgniter\Database\Exceptions\DatabaseException: Unknown database 'db_disduk' in A:\project\projectCI4\system\Database\MySQLi\Connection.php:231
Stack trace:
#0 A:\project\projectCI4\system\Database\BaseConnection.php(421): CodeIgniter\Database\MySQLi\Connection->connect(false)
#1 A:\project\projectCI4\system\Database\BaseConnection.php(616): CodeIgniter\Database\BaseConnection->initialize()
#2 A:\project\projectCI4\system\Database\BaseConnection.php(1487): CodeIgniter\Database\BaseConnection->query('SHOW TABLES FRO...')
#3 A:\project\projectCI4\system\Database\BaseConnection.php(1507): CodeIgniter\Database\BaseConnection->listTables()
#4 A:\project\projectCI4\system\Database\MigrationRunner.php(758): CodeIgniter\Database\BaseConnection->tableExists('migrations')
#5 A:\project\projectCI4\system\Database\MigrationRunner.php(162): CodeIgniter\Database\MigrationRunner->ensureTable()
#6 A:\project\projectCI4\system\Commands\Database\Migrate.php(85): CodeIgniter\Database\MigrationRunner->latest(NULL)
#7 A:\project\projectCI4\system\CLI\Commands.php(70): CodeIgniter\Commands\Database\Migrate->run(Array)
#8 A:\project\projectCI4\system\CLI\Console.php(48): CodeIgniter\CLI\Commands->run('migrate', Array)
#9 A:\project\projectCI4\system\Boot.php(360): CodeIgniter\CLI\Console->run()
#10 A:\project\projectCI4\system\Boot.php(104): CodeIgniter\Boot::runCommand(Object(CodeIgniter\CLI\Console))
#11 A:\project\projectCI4\spark(84): CodeIgniter\Boot::bootSpark(Object(Config\Paths))
#12 {main}
ERROR - 2025-03-24 01:54:53 --> mysqli_sql_exception: Can't create table `db_disduk`.`jawabans` (errno: 150 "Foreign key constraint is incorrectly formed") in A:\project\projectCI4\system\Database\MySQLi\Connection.php:312
Stack trace:
#0 A:\project\projectCI4\system\Database\MySQLi\Connection.php(312): mysqli->query('CREATE TABLE `j...', 0)
#1 A:\project\projectCI4\system\Database\BaseConnection.php(734): CodeIgniter\Database\MySQLi\Connection->execute('CREATE TABLE `j...')
#2 A:\project\projectCI4\system\Database\BaseConnection.php(648): CodeIgniter\Database\BaseConnection->simpleQuery('CREATE TABLE `j...')
#3 A:\project\projectCI4\system\Database\Forge.php(570): CodeIgniter\Database\BaseConnection->query('CREATE TABLE `j...')
#4 A:\project\projectCI4\app\Database\Migrations\2025-03-23-181906_CreateJawabanTable.php(31): CodeIgniter\Database\Forge->createTable('jawabans')
#5 A:\project\projectCI4\system\Database\MigrationRunner.php(866): App\Database\Migrations\CreateJawabanTable->up()
#6 A:\project\projectCI4\system\Database\MigrationRunner.php(182): CodeIgniter\Database\MigrationRunner->migrate('up', Object(stdClass))
#7 A:\project\projectCI4\system\Commands\Database\Migrate.php(85): CodeIgniter\Database\MigrationRunner->latest(NULL)
#8 A:\project\projectCI4\system\CLI\Commands.php(70): CodeIgniter\Commands\Database\Migrate->run(Array)
#9 A:\project\projectCI4\system\CLI\Console.php(48): CodeIgniter\CLI\Commands->run('migrate', Array)
#10 A:\project\projectCI4\system\Boot.php(360): CodeIgniter\CLI\Console->run()
#11 A:\project\projectCI4\system\Boot.php(104): CodeIgniter\Boot::runCommand(Object(CodeIgniter\CLI\Console))
#12 A:\project\projectCI4\spark(84): CodeIgniter\Boot::bootSpark(Object(Config\Paths))
#13 {main}
ERROR - 2025-03-24 02:03:02 --> Error connecting to the database: mysqli_sql_exception: Unknown database 'disduk' in A:\project\projectCI4\system\Database\MySQLi\Connection.php:186
Stack trace:
#0 A:\project\projectCI4\system\Database\MySQLi\Connection.php(186): mysqli->real_connect('127.0.0.1', 'root', Object(SensitiveParameterValue), 'disduk', 3306, '', 0)
#1 A:\project\projectCI4\system\Database\BaseConnection.php(421): CodeIgniter\Database\MySQLi\Connection->connect(false)
#2 A:\project\projectCI4\system\Database\BaseConnection.php(616): CodeIgniter\Database\BaseConnection->initialize()
#3 A:\project\projectCI4\system\Database\BaseConnection.php(1487): CodeIgniter\Database\BaseConnection->query('SHOW TABLES FRO...')
#4 A:\project\projectCI4\system\Database\BaseConnection.php(1507): CodeIgniter\Database\BaseConnection->listTables()
#5 A:\project\projectCI4\system\Database\MigrationRunner.php(758): CodeIgniter\Database\BaseConnection->tableExists('migrations')
#6 A:\project\projectCI4\system\Database\MigrationRunner.php(162): CodeIgniter\Database\MigrationRunner->ensureTable()
#7 A:\project\projectCI4\system\Commands\Database\Migrate.php(85): CodeIgniter\Database\MigrationRunner->latest(NULL)
#8 A:\project\projectCI4\system\CLI\Commands.php(70): CodeIgniter\Commands\Database\Migrate->run(Array)
#9 A:\project\projectCI4\system\CLI\Console.php(48): CodeIgniter\CLI\Commands->run('migrate', Array)
#10 A:\project\projectCI4\system\Boot.php(360): CodeIgniter\CLI\Console->run()
#11 A:\project\projectCI4\system\Boot.php(104): CodeIgniter\Boot::runCommand(Object(CodeIgniter\CLI\Console))
#12 A:\project\projectCI4\spark(84): CodeIgniter\Boot::bootSpark(Object(Config\Paths))
#13 {main}

Next CodeIgniter\Database\Exceptions\DatabaseException: Unknown database 'disduk' in A:\project\projectCI4\system\Database\MySQLi\Connection.php:231
Stack trace:
#0 A:\project\projectCI4\system\Database\BaseConnection.php(421): CodeIgniter\Database\MySQLi\Connection->connect(false)
#1 A:\project\projectCI4\system\Database\BaseConnection.php(616): CodeIgniter\Database\BaseConnection->initialize()
#2 A:\project\projectCI4\system\Database\BaseConnection.php(1487): CodeIgniter\Database\BaseConnection->query('SHOW TABLES FRO...')
#3 A:\project\projectCI4\system\Database\BaseConnection.php(1507): CodeIgniter\Database\BaseConnection->listTables()
#4 A:\project\projectCI4\system\Database\MigrationRunner.php(758): CodeIgniter\Database\BaseConnection->tableExists('migrations')
#5 A:\project\projectCI4\system\Database\MigrationRunner.php(162): CodeIgniter\Database\MigrationRunner->ensureTable()
#6 A:\project\projectCI4\system\Commands\Database\Migrate.php(85): CodeIgniter\Database\MigrationRunner->latest(NULL)
#7 A:\project\projectCI4\system\CLI\Commands.php(70): CodeIgniter\Commands\Database\Migrate->run(Array)
#8 A:\project\projectCI4\system\CLI\Console.php(48): CodeIgniter\CLI\Commands->run('migrate', Array)
#9 A:\project\projectCI4\system\Boot.php(360): CodeIgniter\CLI\Console->run()
#10 A:\project\projectCI4\system\Boot.php(104): CodeIgniter\Boot::runCommand(Object(CodeIgniter\CLI\Console))
#11 A:\project\projectCI4\spark(84): CodeIgniter\Boot::bootSpark(Object(Config\Paths))
#12 {main}
ERROR - 2025-03-24 02:05:50 --> Error connecting to the database: mysqli_sql_exception: Unknown database 'disduk' in A:\project\projectCI4\system\Database\MySQLi\Connection.php:186
Stack trace:
#0 A:\project\projectCI4\system\Database\MySQLi\Connection.php(186): mysqli->real_connect('127.0.0.1', 'root', Object(SensitiveParameterValue), 'disduk', 3306, '', 0)
#1 A:\project\projectCI4\system\Database\BaseConnection.php(421): CodeIgniter\Database\MySQLi\Connection->connect(false)
#2 A:\project\projectCI4\system\Database\BaseConnection.php(616): CodeIgniter\Database\BaseConnection->initialize()
#3 A:\project\projectCI4\system\Database\BaseConnection.php(1487): CodeIgniter\Database\BaseConnection->query('SHOW TABLES FRO...')
#4 A:\project\projectCI4\system\Database\BaseConnection.php(1507): CodeIgniter\Database\BaseConnection->listTables()
#5 A:\project\projectCI4\system\Database\MigrationRunner.php(758): CodeIgniter\Database\BaseConnection->tableExists('migrations')
#6 A:\project\projectCI4\system\Database\MigrationRunner.php(162): CodeIgniter\Database\MigrationRunner->ensureTable()
#7 A:\project\projectCI4\system\Commands\Database\Migrate.php(85): CodeIgniter\Database\MigrationRunner->latest(NULL)
#8 A:\project\projectCI4\system\CLI\Commands.php(70): CodeIgniter\Commands\Database\Migrate->run(Array)
#9 A:\project\projectCI4\system\CLI\Console.php(48): CodeIgniter\CLI\Commands->run('migrate', Array)
#10 A:\project\projectCI4\system\Boot.php(360): CodeIgniter\CLI\Console->run()
#11 A:\project\projectCI4\system\Boot.php(104): CodeIgniter\Boot::runCommand(Object(CodeIgniter\CLI\Console))
#12 A:\project\projectCI4\spark(84): CodeIgniter\Boot::bootSpark(Object(Config\Paths))
#13 {main}

Next CodeIgniter\Database\Exceptions\DatabaseException: Unknown database 'disduk' in A:\project\projectCI4\system\Database\MySQLi\Connection.php:231
Stack trace:
#0 A:\project\projectCI4\system\Database\BaseConnection.php(421): CodeIgniter\Database\MySQLi\Connection->connect(false)
#1 A:\project\projectCI4\system\Database\BaseConnection.php(616): CodeIgniter\Database\BaseConnection->initialize()
#2 A:\project\projectCI4\system\Database\BaseConnection.php(1487): CodeIgniter\Database\BaseConnection->query('SHOW TABLES FRO...')
#3 A:\project\projectCI4\system\Database\BaseConnection.php(1507): CodeIgniter\Database\BaseConnection->listTables()
#4 A:\project\projectCI4\system\Database\MigrationRunner.php(758): CodeIgniter\Database\BaseConnection->tableExists('migrations')
#5 A:\project\projectCI4\system\Database\MigrationRunner.php(162): CodeIgniter\Database\MigrationRunner->ensureTable()
#6 A:\project\projectCI4\system\Commands\Database\Migrate.php(85): CodeIgniter\Database\MigrationRunner->latest(NULL)
#7 A:\project\projectCI4\system\CLI\Commands.php(70): CodeIgniter\Commands\Database\Migrate->run(Array)
#8 A:\project\projectCI4\system\CLI\Console.php(48): CodeIgniter\CLI\Commands->run('migrate', Array)
#9 A:\project\projectCI4\system\Boot.php(360): CodeIgniter\CLI\Console->run()
#10 A:\project\projectCI4\system\Boot.php(104): CodeIgniter\Boot::runCommand(Object(CodeIgniter\CLI\Console))
#11 A:\project\projectCI4\spark(84): CodeIgniter\Boot::bootSpark(Object(Config\Paths))
#12 {main}
