ERROR - 2025-02-24 17:38:52 --> Error connecting to the database: mysqli_sql_exception: Unknown database 'clint_pengajuan' in C:\Users\Fajar Hidayatuloh\OneDrive\文件\project\projectCI4\system\Database\MySQLi\Connection.php:186
Stack trace:
#0 C:\Users\Fajar Hidayatuloh\OneDrive\文件\project\projectCI4\system\Database\MySQLi\Connection.php(186): mysqli->real_connect('localhost', 'root', Object(SensitiveParameterValue), 'clint_pengajuan', 3306, '', 0)
#1 C:\Users\Fajar Hidayatuloh\OneDrive\文件\project\projectCI4\system\Database\BaseConnection.php(421): CodeIgniter\Database\MySQLi\Connection->connect(false)
#2 C:\Users\Fajar Hidayatuloh\OneDrive\文件\project\projectCI4\system\Database\BaseConnection.php(616): CodeIgniter\Database\BaseConnection->initialize()
#3 C:\Users\Fajar Hidayatuloh\OneDrive\文件\project\projectCI4\system\Database\BaseConnection.php(1487): CodeIgniter\Database\BaseConnection->query('SHOW TABLES FRO...')
#4 C:\Users\Fajar Hidayatuloh\OneDrive\文件\project\projectCI4\system\Database\BaseConnection.php(1507): CodeIgniter\Database\BaseConnection->listTables()
#5 C:\Users\Fajar Hidayatuloh\OneDrive\文件\project\projectCI4\system\Database\MigrationRunner.php(758): CodeIgniter\Database\BaseConnection->tableExists('migrations')
#6 C:\Users\Fajar Hidayatuloh\OneDrive\文件\project\projectCI4\system\Database\MigrationRunner.php(162): CodeIgniter\Database\MigrationRunner->ensureTable()
#7 C:\Users\Fajar Hidayatuloh\OneDrive\文件\project\projectCI4\system\Commands\Database\Migrate.php(85): CodeIgniter\Database\MigrationRunner->latest(NULL)
#8 C:\Users\Fajar Hidayatuloh\OneDrive\文件\project\projectCI4\system\CLI\Commands.php(70): CodeIgniter\Commands\Database\Migrate->run(Array)
#9 C:\Users\Fajar Hidayatuloh\OneDrive\文件\project\projectCI4\system\CLI\Console.php(48): CodeIgniter\CLI\Commands->run('migrate', Array)
#10 C:\Users\Fajar Hidayatuloh\OneDrive\文件\project\projectCI4\system\Boot.php(360): CodeIgniter\CLI\Console->run()
#11 C:\Users\Fajar Hidayatuloh\OneDrive\文件\project\projectCI4\system\Boot.php(104): CodeIgniter\Boot::runCommand(Object(CodeIgniter\CLI\Console))
#12 C:\Users\Fajar Hidayatuloh\OneDrive\文件\project\projectCI4\spark(84): CodeIgniter\Boot::bootSpark(Object(Config\Paths))
#13 {main}

Next CodeIgniter\Database\Exceptions\DatabaseException: Unknown database 'clint_pengajuan' in C:\Users\Fajar Hidayatuloh\OneDrive\文件\project\projectCI4\system\Database\MySQLi\Connection.php:231
Stack trace:
#0 C:\Users\Fajar Hidayatuloh\OneDrive\文件\project\projectCI4\system\Database\BaseConnection.php(421): CodeIgniter\Database\MySQLi\Connection->connect(false)
#1 C:\Users\Fajar Hidayatuloh\OneDrive\文件\project\projectCI4\system\Database\BaseConnection.php(616): CodeIgniter\Database\BaseConnection->initialize()
#2 C:\Users\Fajar Hidayatuloh\OneDrive\文件\project\projectCI4\system\Database\BaseConnection.php(1487): CodeIgniter\Database\BaseConnection->query('SHOW TABLES FRO...')
#3 C:\Users\Fajar Hidayatuloh\OneDrive\文件\project\projectCI4\system\Database\BaseConnection.php(1507): CodeIgniter\Database\BaseConnection->listTables()
#4 C:\Users\Fajar Hidayatuloh\OneDrive\文件\project\projectCI4\system\Database\MigrationRunner.php(758): CodeIgniter\Database\BaseConnection->tableExists('migrations')
#5 C:\Users\Fajar Hidayatuloh\OneDrive\文件\project\projectCI4\system\Database\MigrationRunner.php(162): CodeIgniter\Database\MigrationRunner->ensureTable()
#6 C:\Users\Fajar Hidayatuloh\OneDrive\文件\project\projectCI4\system\Commands\Database\Migrate.php(85): CodeIgniter\Database\MigrationRunner->latest(NULL)
#7 C:\Users\Fajar Hidayatuloh\OneDrive\文件\project\projectCI4\system\CLI\Commands.php(70): CodeIgniter\Commands\Database\Migrate->run(Array)
#8 C:\Users\Fajar Hidayatuloh\OneDrive\文件\project\projectCI4\system\CLI\Console.php(48): CodeIgniter\CLI\Commands->run('migrate', Array)
#9 C:\Users\Fajar Hidayatuloh\OneDrive\文件\project\projectCI4\system\Boot.php(360): CodeIgniter\CLI\Console->run()
#10 C:\Users\Fajar Hidayatuloh\OneDrive\文件\project\projectCI4\system\Boot.php(104): CodeIgniter\Boot::runCommand(Object(CodeIgniter\CLI\Console))
#11 C:\Users\Fajar Hidayatuloh\OneDrive\文件\project\projectCI4\spark(84): CodeIgniter\Boot::bootSpark(Object(Config\Paths))
#12 {main}
CRITICAL - 2025-02-24 17:39:23 --> ErrorException: Declaration of CodeIgniter\I18n\TimeTrait::createFromTimestamp(int $timestamp, $timezone = null, ?string $locale = null) must be compatible with DateTimeImmutable::createFromTimestamp(int|float $timestamp): CodeIgniter\Autoloader\Autoloader
[Method: CLI, Route: migrate]
in SYSTEMPATH\I18n\TimeTrait.php on line 268.
 1 [internal function]: CodeIgniter\Debug\Exceptions->shutdownHandler()
ERROR - 2025-02-24 17:42:25 --> Error connecting to the database: ErrorException: mysqli::real_connect(): Error while reading greeting packet. PID=5212 in C:\Users\Fajar Hidayatuloh\OneDrive\文件\project\projectCI4\system\Database\MySQLi\Connection.php:186
Stack trace:
#0 [internal function]: CodeIgniter\Debug\Exceptions->errorHandler(2, 'mysqli::real_co...', 'C:\\Users\\Fajar ...', 186)
#1 C:\Users\Fajar Hidayatuloh\OneDrive\文件\project\projectCI4\system\Database\MySQLi\Connection.php(186): mysqli->real_connect('172.0.0.1', 'root', Object(SensitiveParameterValue), 'clint_pengajuan', 3306, '', 0)
#2 C:\Users\Fajar Hidayatuloh\OneDrive\文件\project\projectCI4\system\Database\BaseConnection.php(421): CodeIgniter\Database\MySQLi\Connection->connect(false)
#3 C:\Users\Fajar Hidayatuloh\OneDrive\文件\project\projectCI4\system\Database\BaseConnection.php(616): CodeIgniter\Database\BaseConnection->initialize()
#4 C:\Users\Fajar Hidayatuloh\OneDrive\文件\project\projectCI4\system\Database\BaseConnection.php(1487): CodeIgniter\Database\BaseConnection->query('SHOW TABLES FRO...')
#5 C:\Users\Fajar Hidayatuloh\OneDrive\文件\project\projectCI4\system\Database\BaseConnection.php(1507): CodeIgniter\Database\BaseConnection->listTables()
#6 C:\Users\Fajar Hidayatuloh\OneDrive\文件\project\projectCI4\system\Database\MigrationRunner.php(758): CodeIgniter\Database\BaseConnection->tableExists('migrations')
#7 C:\Users\Fajar Hidayatuloh\OneDrive\文件\project\projectCI4\system\Database\MigrationRunner.php(162): CodeIgniter\Database\MigrationRunner->ensureTable()
#8 C:\Users\Fajar Hidayatuloh\OneDrive\文件\project\projectCI4\system\Commands\Database\Migrate.php(85): CodeIgniter\Database\MigrationRunner->latest(NULL)
#9 C:\Users\Fajar Hidayatuloh\OneDrive\文件\project\projectCI4\system\CLI\Commands.php(70): CodeIgniter\Commands\Database\Migrate->run(Array)
#10 C:\Users\Fajar Hidayatuloh\OneDrive\文件\project\projectCI4\system\CLI\Console.php(48): CodeIgniter\CLI\Commands->run('migrate', Array)
#11 C:\Users\Fajar Hidayatuloh\OneDrive\文件\project\projectCI4\system\Boot.php(360): CodeIgniter\CLI\Console->run()
#12 C:\Users\Fajar Hidayatuloh\OneDrive\文件\project\projectCI4\system\Boot.php(104): CodeIgniter\Boot::runCommand(Object(CodeIgniter\CLI\Console))
#13 C:\Users\Fajar Hidayatuloh\OneDrive\文件\project\projectCI4\spark(84): CodeIgniter\Boot::bootSpark(Object(Config\Paths))
#14 {main}

Next mysqli_sql_exception: MySQL server has gone away in C:\Users\Fajar Hidayatuloh\OneDrive\文件\project\projectCI4\system\Database\MySQLi\Connection.php:186
Stack trace:
#0 C:\Users\Fajar Hidayatuloh\OneDrive\文件\project\projectCI4\system\Database\MySQLi\Connection.php(186): mysqli->real_connect('172.0.0.1', 'root', Object(SensitiveParameterValue), 'clint_pengajuan', 3306, '', 0)
#1 C:\Users\Fajar Hidayatuloh\OneDrive\文件\project\projectCI4\system\Database\BaseConnection.php(421): CodeIgniter\Database\MySQLi\Connection->connect(false)
#2 C:\Users\Fajar Hidayatuloh\OneDrive\文件\project\projectCI4\system\Database\BaseConnection.php(616): CodeIgniter\Database\BaseConnection->initialize()
#3 C:\Users\Fajar Hidayatuloh\OneDrive\文件\project\projectCI4\system\Database\BaseConnection.php(1487): CodeIgniter\Database\BaseConnection->query('SHOW TABLES FRO...')
#4 C:\Users\Fajar Hidayatuloh\OneDrive\文件\project\projectCI4\system\Database\BaseConnection.php(1507): CodeIgniter\Database\BaseConnection->listTables()
#5 C:\Users\Fajar Hidayatuloh\OneDrive\文件\project\projectCI4\system\Database\MigrationRunner.php(758): CodeIgniter\Database\BaseConnection->tableExists('migrations')
#6 C:\Users\Fajar Hidayatuloh\OneDrive\文件\project\projectCI4\system\Database\MigrationRunner.php(162): CodeIgniter\Database\MigrationRunner->ensureTable()
#7 C:\Users\Fajar Hidayatuloh\OneDrive\文件\project\projectCI4\system\Commands\Database\Migrate.php(85): CodeIgniter\Database\MigrationRunner->latest(NULL)
#8 C:\Users\Fajar Hidayatuloh\OneDrive\文件\project\projectCI4\system\CLI\Commands.php(70): CodeIgniter\Commands\Database\Migrate->run(Array)
#9 C:\Users\Fajar Hidayatuloh\OneDrive\文件\project\projectCI4\system\CLI\Console.php(48): CodeIgniter\CLI\Commands->run('migrate', Array)
#10 C:\Users\Fajar Hidayatuloh\OneDrive\文件\project\projectCI4\system\Boot.php(360): CodeIgniter\CLI\Console->run()
#11 C:\Users\Fajar Hidayatuloh\OneDrive\文件\project\projectCI4\system\Boot.php(104): CodeIgniter\Boot::runCommand(Object(CodeIgniter\CLI\Console))
#12 C:\Users\Fajar Hidayatuloh\OneDrive\文件\project\projectCI4\spark(84): CodeIgniter\Boot::bootSpark(Object(Config\Paths))
#13 {main}

Next CodeIgniter\Database\Exceptions\DatabaseException: MySQL server has gone away in C:\Users\Fajar Hidayatuloh\OneDrive\文件\project\projectCI4\system\Database\MySQLi\Connection.php:231
Stack trace:
#0 C:\Users\Fajar Hidayatuloh\OneDrive\文件\project\projectCI4\system\Database\BaseConnection.php(421): CodeIgniter\Database\MySQLi\Connection->connect(false)
#1 C:\Users\Fajar Hidayatuloh\OneDrive\文件\project\projectCI4\system\Database\BaseConnection.php(616): CodeIgniter\Database\BaseConnection->initialize()
#2 C:\Users\Fajar Hidayatuloh\OneDrive\文件\project\projectCI4\system\Database\BaseConnection.php(1487): CodeIgniter\Database\BaseConnection->query('SHOW TABLES FRO...')
#3 C:\Users\Fajar Hidayatuloh\OneDrive\文件\project\projectCI4\system\Database\BaseConnection.php(1507): CodeIgniter\Database\BaseConnection->listTables()
#4 C:\Users\Fajar Hidayatuloh\OneDrive\文件\project\projectCI4\system\Database\MigrationRunner.php(758): CodeIgniter\Database\BaseConnection->tableExists('migrations')
#5 C:\Users\Fajar Hidayatuloh\OneDrive\文件\project\projectCI4\system\Database\MigrationRunner.php(162): CodeIgniter\Database\MigrationRunner->ensureTable()
#6 C:\Users\Fajar Hidayatuloh\OneDrive\文件\project\projectCI4\system\Commands\Database\Migrate.php(85): CodeIgniter\Database\MigrationRunner->latest(NULL)
#7 C:\Users\Fajar Hidayatuloh\OneDrive\文件\project\projectCI4\system\CLI\Commands.php(70): CodeIgniter\Commands\Database\Migrate->run(Array)
#8 C:\Users\Fajar Hidayatuloh\OneDrive\文件\project\projectCI4\system\CLI\Console.php(48): CodeIgniter\CLI\Commands->run('migrate', Array)
#9 C:\Users\Fajar Hidayatuloh\OneDrive\文件\project\projectCI4\system\Boot.php(360): CodeIgniter\CLI\Console->run()
#10 C:\Users\Fajar Hidayatuloh\OneDrive\文件\project\projectCI4\system\Boot.php(104): CodeIgniter\Boot::runCommand(Object(CodeIgniter\CLI\Console))
#11 C:\Users\Fajar Hidayatuloh\OneDrive\文件\project\projectCI4\spark(84): CodeIgniter\Boot::bootSpark(Object(Config\Paths))
#12 {main}
ERROR - 2025-02-24 17:43:09 --> mysqli_sql_exception: Table 'admins' already exists in C:\Users\Fajar Hidayatuloh\OneDrive\文件\project\projectCI4\system\Database\MySQLi\Connection.php:312
Stack trace:
#0 C:\Users\Fajar Hidayatuloh\OneDrive\文件\project\projectCI4\system\Database\MySQLi\Connection.php(312): mysqli->query('CREATE TABLE `a...', 0)
#1 C:\Users\Fajar Hidayatuloh\OneDrive\文件\project\projectCI4\system\Database\BaseConnection.php(734): CodeIgniter\Database\MySQLi\Connection->execute('CREATE TABLE `a...')
#2 C:\Users\Fajar Hidayatuloh\OneDrive\文件\project\projectCI4\system\Database\BaseConnection.php(648): CodeIgniter\Database\BaseConnection->simpleQuery('CREATE TABLE `a...')
#3 C:\Users\Fajar Hidayatuloh\OneDrive\文件\project\projectCI4\system\Database\Forge.php(570): CodeIgniter\Database\BaseConnection->query('CREATE TABLE `a...')
#4 C:\Users\Fajar Hidayatuloh\OneDrive\文件\project\projectCI4\app\Database\Migrations\2025-01-04-174937_CreateAdminTable.php(50): CodeIgniter\Database\Forge->createTable('admins')
#5 C:\Users\Fajar Hidayatuloh\OneDrive\文件\project\projectCI4\system\Database\MigrationRunner.php(866): App\Database\Migrations\CreateAdminTable->up()
#6 C:\Users\Fajar Hidayatuloh\OneDrive\文件\project\projectCI4\system\Database\MigrationRunner.php(182): CodeIgniter\Database\MigrationRunner->migrate('up', Object(stdClass))
#7 C:\Users\Fajar Hidayatuloh\OneDrive\文件\project\projectCI4\system\Commands\Database\Migrate.php(85): CodeIgniter\Database\MigrationRunner->latest(NULL)
#8 C:\Users\Fajar Hidayatuloh\OneDrive\文件\project\projectCI4\system\CLI\Commands.php(70): CodeIgniter\Commands\Database\Migrate->run(Array)
#9 C:\Users\Fajar Hidayatuloh\OneDrive\文件\project\projectCI4\system\CLI\Console.php(48): CodeIgniter\CLI\Commands->run('migrate', Array)
#10 C:\Users\Fajar Hidayatuloh\OneDrive\文件\project\projectCI4\system\Boot.php(360): CodeIgniter\CLI\Console->run()
#11 C:\Users\Fajar Hidayatuloh\OneDrive\文件\project\projectCI4\system\Boot.php(104): CodeIgniter\Boot::runCommand(Object(CodeIgniter\CLI\Console))
#12 C:\Users\Fajar Hidayatuloh\OneDrive\文件\project\projectCI4\spark(84): CodeIgniter\Boot::bootSpark(Object(Config\Paths))
#13 {main}
CRITICAL - 2025-02-24 18:07:51 --> ErrorException: Declaration of CodeIgniter\I18n\TimeTrait::createFromTimestamp(int $timestamp, $timezone = null, ?string $locale = null) must be compatible with DateTimeImmutable::createFromTimestamp(int|float $timestamp): CodeIgniter\Autoloader\Autoloader
[Method: CLI, Route: migrate]
in SYSTEMPATH\I18n\TimeTrait.php on line 268.
 1 [internal function]: CodeIgniter\Debug\Exceptions->shutdownHandler()
ERROR - 2025-02-24 18:26:34 --> mysqli_sql_exception: Table 'admins' already exists in C:\Users\Fajar Hidayatuloh\OneDrive\文件\project\projectCI4\system\Database\MySQLi\Connection.php:312
Stack trace:
#0 C:\Users\Fajar Hidayatuloh\OneDrive\文件\project\projectCI4\system\Database\MySQLi\Connection.php(312): mysqli->query('CREATE TABLE `a...', 0)
#1 C:\Users\Fajar Hidayatuloh\OneDrive\文件\project\projectCI4\system\Database\BaseConnection.php(734): CodeIgniter\Database\MySQLi\Connection->execute('CREATE TABLE `a...')
#2 C:\Users\Fajar Hidayatuloh\OneDrive\文件\project\projectCI4\system\Database\BaseConnection.php(648): CodeIgniter\Database\BaseConnection->simpleQuery('CREATE TABLE `a...')
#3 C:\Users\Fajar Hidayatuloh\OneDrive\文件\project\projectCI4\system\Database\Forge.php(570): CodeIgniter\Database\BaseConnection->query('CREATE TABLE `a...')
#4 C:\Users\Fajar Hidayatuloh\OneDrive\文件\project\projectCI4\app\Database\Migrations\2025-01-04-174937_CreateAdminTable.php(50): CodeIgniter\Database\Forge->createTable('admins')
#5 C:\Users\Fajar Hidayatuloh\OneDrive\文件\project\projectCI4\system\Database\MigrationRunner.php(866): App\Database\Migrations\CreateAdminTable->up()
#6 C:\Users\Fajar Hidayatuloh\OneDrive\文件\project\projectCI4\system\Database\MigrationRunner.php(182): CodeIgniter\Database\MigrationRunner->migrate('up', Object(stdClass))
#7 C:\Users\Fajar Hidayatuloh\OneDrive\文件\project\projectCI4\system\Commands\Database\Migrate.php(85): CodeIgniter\Database\MigrationRunner->latest(NULL)
#8 C:\Users\Fajar Hidayatuloh\OneDrive\文件\project\projectCI4\system\CLI\Commands.php(70): CodeIgniter\Commands\Database\Migrate->run(Array)
#9 C:\Users\Fajar Hidayatuloh\OneDrive\文件\project\projectCI4\system\CLI\Console.php(48): CodeIgniter\CLI\Commands->run('migrate', Array)
#10 C:\Users\Fajar Hidayatuloh\OneDrive\文件\project\projectCI4\system\Boot.php(360): CodeIgniter\CLI\Console->run()
#11 C:\Users\Fajar Hidayatuloh\OneDrive\文件\project\projectCI4\system\Boot.php(104): CodeIgniter\Boot::runCommand(Object(CodeIgniter\CLI\Console))
#12 C:\Users\Fajar Hidayatuloh\OneDrive\文件\project\projectCI4\spark(84): CodeIgniter\Boot::bootSpark(Object(Config\Paths))
#13 {main}
ERROR - 2025-02-24 18:28:00 --> mysqli_sql_exception: Table 'admins' already exists in C:\Users\Fajar Hidayatuloh\OneDrive\文件\project\projectCI4\system\Database\MySQLi\Connection.php:312
Stack trace:
#0 C:\Users\Fajar Hidayatuloh\OneDrive\文件\project\projectCI4\system\Database\MySQLi\Connection.php(312): mysqli->query('CREATE TABLE `a...', 0)
#1 C:\Users\Fajar Hidayatuloh\OneDrive\文件\project\projectCI4\system\Database\BaseConnection.php(734): CodeIgniter\Database\MySQLi\Connection->execute('CREATE TABLE `a...')
#2 C:\Users\Fajar Hidayatuloh\OneDrive\文件\project\projectCI4\system\Database\BaseConnection.php(648): CodeIgniter\Database\BaseConnection->simpleQuery('CREATE TABLE `a...')
#3 C:\Users\Fajar Hidayatuloh\OneDrive\文件\project\projectCI4\system\Database\Forge.php(570): CodeIgniter\Database\BaseConnection->query('CREATE TABLE `a...')
#4 C:\Users\Fajar Hidayatuloh\OneDrive\文件\project\projectCI4\app\Database\Migrations\2025-01-04-174937_CreateAdminTable.php(50): CodeIgniter\Database\Forge->createTable('admins')
#5 C:\Users\Fajar Hidayatuloh\OneDrive\文件\project\projectCI4\system\Database\MigrationRunner.php(866): App\Database\Migrations\CreateAdminTable->up()
#6 C:\Users\Fajar Hidayatuloh\OneDrive\文件\project\projectCI4\system\Database\MigrationRunner.php(182): CodeIgniter\Database\MigrationRunner->migrate('up', Object(stdClass))
#7 C:\Users\Fajar Hidayatuloh\OneDrive\文件\project\projectCI4\system\Commands\Database\Migrate.php(85): CodeIgniter\Database\MigrationRunner->latest(NULL)
#8 C:\Users\Fajar Hidayatuloh\OneDrive\文件\project\projectCI4\system\CLI\Commands.php(70): CodeIgniter\Commands\Database\Migrate->run(Array)
#9 C:\Users\Fajar Hidayatuloh\OneDrive\文件\project\projectCI4\system\CLI\BaseCommand.php(119): CodeIgniter\CLI\Commands->run('migrate', Array)
#10 C:\Users\Fajar Hidayatuloh\OneDrive\文件\project\projectCI4\system\Commands\Database\MigrateRefresh.php(87): CodeIgniter\CLI\BaseCommand->call('migrate', Array)
#11 C:\Users\Fajar Hidayatuloh\OneDrive\文件\project\projectCI4\system\CLI\Commands.php(70): CodeIgniter\Commands\Database\MigrateRefresh->run(Array)
#12 C:\Users\Fajar Hidayatuloh\OneDrive\文件\project\projectCI4\system\CLI\Console.php(48): CodeIgniter\CLI\Commands->run('migrate:refresh', Array)
#13 C:\Users\Fajar Hidayatuloh\OneDrive\文件\project\projectCI4\system\Boot.php(360): CodeIgniter\CLI\Console->run()
#14 C:\Users\Fajar Hidayatuloh\OneDrive\文件\project\projectCI4\system\Boot.php(104): CodeIgniter\Boot::runCommand(Object(CodeIgniter\CLI\Console))
#15 C:\Users\Fajar Hidayatuloh\OneDrive\文件\project\projectCI4\spark(84): CodeIgniter\Boot::bootSpark(Object(Config\Paths))
#16 {main}
ERROR - 2025-02-24 18:28:18 --> mysqli_sql_exception: Table 'admins' already exists in C:\Users\Fajar Hidayatuloh\OneDrive\文件\project\projectCI4\system\Database\MySQLi\Connection.php:312
Stack trace:
#0 C:\Users\Fajar Hidayatuloh\OneDrive\文件\project\projectCI4\system\Database\MySQLi\Connection.php(312): mysqli->query('CREATE TABLE `a...', 0)
#1 C:\Users\Fajar Hidayatuloh\OneDrive\文件\project\projectCI4\system\Database\BaseConnection.php(734): CodeIgniter\Database\MySQLi\Connection->execute('CREATE TABLE `a...')
#2 C:\Users\Fajar Hidayatuloh\OneDrive\文件\project\projectCI4\system\Database\BaseConnection.php(648): CodeIgniter\Database\BaseConnection->simpleQuery('CREATE TABLE `a...')
#3 C:\Users\Fajar Hidayatuloh\OneDrive\文件\project\projectCI4\system\Database\Forge.php(570): CodeIgniter\Database\BaseConnection->query('CREATE TABLE `a...')
#4 C:\Users\Fajar Hidayatuloh\OneDrive\文件\project\projectCI4\app\Database\Migrations\2025-01-04-174937_CreateAdminTable.php(50): CodeIgniter\Database\Forge->createTable('admins')
#5 C:\Users\Fajar Hidayatuloh\OneDrive\文件\project\projectCI4\system\Database\MigrationRunner.php(866): App\Database\Migrations\CreateAdminTable->up()
#6 C:\Users\Fajar Hidayatuloh\OneDrive\文件\project\projectCI4\system\Database\MigrationRunner.php(182): CodeIgniter\Database\MigrationRunner->migrate('up', Object(stdClass))
#7 C:\Users\Fajar Hidayatuloh\OneDrive\文件\project\projectCI4\system\Commands\Database\Migrate.php(85): CodeIgniter\Database\MigrationRunner->latest(NULL)
#8 C:\Users\Fajar Hidayatuloh\OneDrive\文件\project\projectCI4\system\CLI\Commands.php(70): CodeIgniter\Commands\Database\Migrate->run(Array)
#9 C:\Users\Fajar Hidayatuloh\OneDrive\文件\project\projectCI4\system\CLI\BaseCommand.php(119): CodeIgniter\CLI\Commands->run('migrate', Array)
#10 C:\Users\Fajar Hidayatuloh\OneDrive\文件\project\projectCI4\system\Commands\Database\MigrateRefresh.php(87): CodeIgniter\CLI\BaseCommand->call('migrate', Array)
#11 C:\Users\Fajar Hidayatuloh\OneDrive\文件\project\projectCI4\system\CLI\Commands.php(70): CodeIgniter\Commands\Database\MigrateRefresh->run(Array)
#12 C:\Users\Fajar Hidayatuloh\OneDrive\文件\project\projectCI4\system\CLI\Console.php(48): CodeIgniter\CLI\Commands->run('migrate:refresh', Array)
#13 C:\Users\Fajar Hidayatuloh\OneDrive\文件\project\projectCI4\system\Boot.php(360): CodeIgniter\CLI\Console->run()
#14 C:\Users\Fajar Hidayatuloh\OneDrive\文件\project\projectCI4\system\Boot.php(104): CodeIgniter\Boot::runCommand(Object(CodeIgniter\CLI\Console))
#15 C:\Users\Fajar Hidayatuloh\OneDrive\文件\project\projectCI4\spark(84): CodeIgniter\Boot::bootSpark(Object(Config\Paths))
#16 {main}
CRITICAL - 2025-02-24 18:29:45 --> ErrorException: Declaration of CodeIgniter\I18n\TimeTrait::createFromTimestamp(int $timestamp, $timezone = null, ?string $locale = null) must be compatible with DateTimeImmutable::createFromTimestamp(int|float $timestamp): static
[Method: CLI, Route: migrate]
in SYSTEMPATH\I18n\TimeTrait.php on line 268.
 1 [internal function]: CodeIgniter\Debug\Exceptions->shutdownHandler()
CRITICAL - 2025-02-24 18:35:55 --> CodeIgniter\Session\Exceptions\SessionException: Session: Configured save path "C:\Users\Fajar Hidayatuloh\OneDrive\文件\project\projectCI4\writable\session" is not writable by the PHP process.
[Method: GET, Route: login]
in SYSTEMPATH\Session\Handlers\FileHandler.php on line 103.
 1 SYSTEMPATH\Session\Handlers\FileHandler.php(103): CodeIgniter\Session\Exceptions\SessionException::forWriteProtectedSavePath('C:\\Users\\Fajar Hidayatuloh\\OneDrive\\文件\\project\\projectCI4\\writable\\session')
 2 [internal function]: CodeIgniter\Session\Handlers\FileHandler->open('C:\\Users\\Fajar Hidayatuloh\\OneDrive\\文件\\project\\projectCI4\\writable\\session', 'ci_session')
 3 SYSTEMPATH\Session\Session.php(920): session_start()
 4 SYSTEMPATH\Session\Session.php(242): CodeIgniter\Session\Session->startSession()
 5 SYSTEMPATH\Config\Services.php(710): CodeIgniter\Session\Session->start()
 6 SYSTEMPATH\Config\BaseService.php(312): CodeIgniter\Config\Services::session(Object(Config\Session), false)
 7 SYSTEMPATH\Config\BaseService.php(251): CodeIgniter\Config\BaseService::__callStatic('session', [...])
 8 SYSTEMPATH\Config\Services.php(668): CodeIgniter\Config\BaseService::getSharedInstance('session', null)
 9 SYSTEMPATH\Config\BaseService.php(321): CodeIgniter\Config\Services::session()
10 SYSTEMPATH\Config\BaseService.php(202): CodeIgniter\Config\BaseService::__callStatic('session', [])
11 SYSTEMPATH\Common.php(998): CodeIgniter\Config\BaseService::get('session')
12 SYSTEMPATH\Common.php(971): service('session')
13 APPPATH\Views\auth\index.php(62): session()
14 SYSTEMPATH\View\View.php(234): include('C:\\Users\\Fajar Hidayatuloh\\OneDrive\\文件\\project\\projectCI4\\app\\Views\\auth\\index.php')
15 SYSTEMPATH\View\View.php(237): CodeIgniter\View\View->CodeIgniter\View\{closure}()
16 SYSTEMPATH\Common.php(1171): CodeIgniter\View\View->render('auth/index', [], true)
17 APPPATH\Controllers\Auth\Auth.php(14): view('auth/index')
18 SYSTEMPATH\CodeIgniter.php(933): App\Controllers\Auth\Auth->index()
19 SYSTEMPATH\CodeIgniter.php(509): CodeIgniter\CodeIgniter->runController(Object(App\Controllers\Auth\Auth))
20 SYSTEMPATH\CodeIgniter.php(355): CodeIgniter\CodeIgniter->handleRequest(null, Object(Config\Cache), false)
21 SYSTEMPATH\Boot.php(334): CodeIgniter\CodeIgniter->run()
22 SYSTEMPATH\Boot.php(67): CodeIgniter\Boot::runCodeIgniter(Object(CodeIgniter\CodeIgniter))
23 FCPATH\index.php(56): CodeIgniter\Boot::bootWeb(Object(Config\Paths))
24 SYSTEMPATH\rewrite.php(44): require_once('C:\\Users\\Fajar Hidayatuloh\\OneDrive\\文件\\project\\projectCI4\\public\\index.php')
CRITICAL - 2025-02-24 18:38:11 --> CodeIgniter\Session\Exceptions\SessionException: Session: Configured save path "C:\Users\Fajar Hidayatuloh\OneDrive\文件\project\projectCI4\writable\session" is not writable by the PHP process.
[Method: GET, Route: login]
in SYSTEMPATH\Session\Handlers\FileHandler.php on line 103.
 1 SYSTEMPATH\Session\Handlers\FileHandler.php(103): CodeIgniter\Session\Exceptions\SessionException::forWriteProtectedSavePath('C:\\Users\\Fajar Hidayatuloh\\OneDrive\\文件\\project\\projectCI4\\writable\\session')
 2 [internal function]: CodeIgniter\Session\Handlers\FileHandler->open('C:\\Users\\Fajar Hidayatuloh\\OneDrive\\文件\\project\\projectCI4\\writable\\session', 'ci_session')
 3 SYSTEMPATH\Session\Session.php(920): session_start()
 4 SYSTEMPATH\Session\Session.php(242): CodeIgniter\Session\Session->startSession()
 5 SYSTEMPATH\Config\Services.php(710): CodeIgniter\Session\Session->start()
 6 SYSTEMPATH\Config\BaseService.php(312): CodeIgniter\Config\Services::session(Object(Config\Session), false)
 7 SYSTEMPATH\Config\BaseService.php(251): CodeIgniter\Config\BaseService::__callStatic('session', [...])
 8 SYSTEMPATH\Config\Services.php(668): CodeIgniter\Config\BaseService::getSharedInstance('session', null)
 9 SYSTEMPATH\Config\BaseService.php(321): CodeIgniter\Config\Services::session()
10 SYSTEMPATH\Config\BaseService.php(202): CodeIgniter\Config\BaseService::__callStatic('session', [])
11 SYSTEMPATH\Common.php(998): CodeIgniter\Config\BaseService::get('session')
12 SYSTEMPATH\Common.php(971): service('session')
13 APPPATH\Views\auth\index.php(62): session()
14 SYSTEMPATH\View\View.php(234): include('C:\\Users\\Fajar Hidayatuloh\\OneDrive\\文件\\project\\projectCI4\\app\\Views\\auth\\index.php')
15 SYSTEMPATH\View\View.php(237): CodeIgniter\View\View->CodeIgniter\View\{closure}()
16 SYSTEMPATH\Common.php(1171): CodeIgniter\View\View->render('auth/index', [], true)
17 APPPATH\Controllers\Auth\Auth.php(14): view('auth/index')
18 SYSTEMPATH\CodeIgniter.php(933): App\Controllers\Auth\Auth->index()
19 SYSTEMPATH\CodeIgniter.php(509): CodeIgniter\CodeIgniter->runController(Object(App\Controllers\Auth\Auth))
20 SYSTEMPATH\CodeIgniter.php(355): CodeIgniter\CodeIgniter->handleRequest(null, Object(Config\Cache), false)
21 SYSTEMPATH\Boot.php(334): CodeIgniter\CodeIgniter->run()
22 SYSTEMPATH\Boot.php(67): CodeIgniter\Boot::runCodeIgniter(Object(CodeIgniter\CodeIgniter))
23 FCPATH\index.php(56): CodeIgniter\Boot::bootWeb(Object(Config\Paths))
24 SYSTEMPATH\rewrite.php(44): require_once('C:\\Users\\Fajar Hidayatuloh\\OneDrive\\文件\\project\\projectCI4\\public\\index.php')
CRITICAL - 2025-02-24 18:45:18 --> CodeIgniter\Session\Exceptions\SessionException: Session: Configured save path "A:\project\projectCI4\writable\session" is not writable by the PHP process.
[Method: GET, Route: login]
in SYSTEMPATH\Session\Handlers\FileHandler.php on line 103.
 1 SYSTEMPATH\Session\Handlers\FileHandler.php(103): CodeIgniter\Session\Exceptions\SessionException::forWriteProtectedSavePath('A:\\project\\projectCI4\\writable\\session')
 2 [internal function]: CodeIgniter\Session\Handlers\FileHandler->open('A:\\project\\projectCI4\\writable\\session', 'ci_session')
 3 SYSTEMPATH\Session\Session.php(920): session_start()
 4 SYSTEMPATH\Session\Session.php(242): CodeIgniter\Session\Session->startSession()
 5 SYSTEMPATH\Config\Services.php(710): CodeIgniter\Session\Session->start()
 6 SYSTEMPATH\Config\BaseService.php(312): CodeIgniter\Config\Services::session(Object(Config\Session), false)
 7 SYSTEMPATH\Config\BaseService.php(251): CodeIgniter\Config\BaseService::__callStatic('session', [...])
 8 SYSTEMPATH\Config\Services.php(668): CodeIgniter\Config\BaseService::getSharedInstance('session', null)
 9 SYSTEMPATH\Config\BaseService.php(321): CodeIgniter\Config\Services::session()
10 SYSTEMPATH\Config\BaseService.php(202): CodeIgniter\Config\BaseService::__callStatic('session', [])
11 SYSTEMPATH\Common.php(998): CodeIgniter\Config\BaseService::get('session')
12 SYSTEMPATH\Common.php(971): service('session')
13 APPPATH\Views\auth\index.php(62): session()
14 SYSTEMPATH\View\View.php(234): include('A:\\project\\projectCI4\\app\\Views\\auth\\index.php')
15 SYSTEMPATH\View\View.php(237): CodeIgniter\View\View->CodeIgniter\View\{closure}()
16 SYSTEMPATH\Common.php(1171): CodeIgniter\View\View->render('auth/index', [], true)
17 APPPATH\Controllers\Auth\Auth.php(14): view('auth/index')
18 SYSTEMPATH\CodeIgniter.php(933): App\Controllers\Auth\Auth->index()
19 SYSTEMPATH\CodeIgniter.php(509): CodeIgniter\CodeIgniter->runController(Object(App\Controllers\Auth\Auth))
20 SYSTEMPATH\CodeIgniter.php(355): CodeIgniter\CodeIgniter->handleRequest(null, Object(Config\Cache), false)
21 SYSTEMPATH\Boot.php(334): CodeIgniter\CodeIgniter->run()
22 SYSTEMPATH\Boot.php(67): CodeIgniter\Boot::runCodeIgniter(Object(CodeIgniter\CodeIgniter))
23 FCPATH\index.php(56): CodeIgniter\Boot::bootWeb(Object(Config\Paths))
24 SYSTEMPATH\rewrite.php(44): require_once('A:\\project\\projectCI4\\public\\index.php')
CRITICAL - 2025-02-24 18:45:56 --> CodeIgniter\Session\Exceptions\SessionException: Session: Configured save path "A:\project\projectCI4\writable\session" is not writable by the PHP process.
[Method: GET, Route: login]
in SYSTEMPATH\Session\Handlers\FileHandler.php on line 103.
 1 SYSTEMPATH\Session\Handlers\FileHandler.php(103): CodeIgniter\Session\Exceptions\SessionException::forWriteProtectedSavePath('A:\\project\\projectCI4\\writable\\session')
 2 [internal function]: CodeIgniter\Session\Handlers\FileHandler->open('A:\\project\\projectCI4\\writable\\session', 'ci_session')
 3 SYSTEMPATH\Session\Session.php(920): session_start()
 4 SYSTEMPATH\Session\Session.php(242): CodeIgniter\Session\Session->startSession()
 5 SYSTEMPATH\Config\Services.php(710): CodeIgniter\Session\Session->start()
 6 SYSTEMPATH\Config\BaseService.php(312): CodeIgniter\Config\Services::session(Object(Config\Session), false)
 7 SYSTEMPATH\Config\BaseService.php(251): CodeIgniter\Config\BaseService::__callStatic('session', [...])
 8 SYSTEMPATH\Config\Services.php(668): CodeIgniter\Config\BaseService::getSharedInstance('session', null)
 9 SYSTEMPATH\Config\BaseService.php(321): CodeIgniter\Config\Services::session()
10 SYSTEMPATH\Config\BaseService.php(202): CodeIgniter\Config\BaseService::__callStatic('session', [])
11 SYSTEMPATH\Common.php(998): CodeIgniter\Config\BaseService::get('session')
12 SYSTEMPATH\Common.php(971): service('session')
13 APPPATH\Views\auth\index.php(62): session()
14 SYSTEMPATH\View\View.php(234): include('A:\\project\\projectCI4\\app\\Views\\auth\\index.php')
15 SYSTEMPATH\View\View.php(237): CodeIgniter\View\View->CodeIgniter\View\{closure}()
16 SYSTEMPATH\Common.php(1171): CodeIgniter\View\View->render('auth/index', [], true)
17 APPPATH\Controllers\Auth\Auth.php(14): view('auth/index')
18 SYSTEMPATH\CodeIgniter.php(933): App\Controllers\Auth\Auth->index()
19 SYSTEMPATH\CodeIgniter.php(509): CodeIgniter\CodeIgniter->runController(Object(App\Controllers\Auth\Auth))
20 SYSTEMPATH\CodeIgniter.php(355): CodeIgniter\CodeIgniter->handleRequest(null, Object(Config\Cache), false)
21 SYSTEMPATH\Boot.php(334): CodeIgniter\CodeIgniter->run()
22 SYSTEMPATH\Boot.php(67): CodeIgniter\Boot::runCodeIgniter(Object(CodeIgniter\CodeIgniter))
23 FCPATH\index.php(56): CodeIgniter\Boot::bootWeb(Object(Config\Paths))
24 SYSTEMPATH\rewrite.php(44): require_once('A:\\project\\projectCI4\\public\\index.php')
CRITICAL - 2025-02-24 18:54:25 --> CodeIgniter\Session\Exceptions\SessionException: Session: Configured save path "A:\project\projectCI4\writable\session" is not writable by the PHP process.
[Method: GET, Route: login]
in SYSTEMPATH\Session\Handlers\FileHandler.php on line 103.
 1 SYSTEMPATH\Session\Handlers\FileHandler.php(103): CodeIgniter\Session\Exceptions\SessionException::forWriteProtectedSavePath('A:\\project\\projectCI4\\writable\\session')
 2 [internal function]: CodeIgniter\Session\Handlers\FileHandler->open('A:\\project\\projectCI4\\writable\\session', 'ci_session')
 3 SYSTEMPATH\Session\Session.php(920): session_start()
 4 SYSTEMPATH\Session\Session.php(242): CodeIgniter\Session\Session->startSession()
 5 SYSTEMPATH\Config\Services.php(710): CodeIgniter\Session\Session->start()
 6 SYSTEMPATH\Config\BaseService.php(312): CodeIgniter\Config\Services::session(Object(Config\Session), false)
 7 SYSTEMPATH\Config\BaseService.php(251): CodeIgniter\Config\BaseService::__callStatic('session', [...])
 8 SYSTEMPATH\Config\Services.php(668): CodeIgniter\Config\BaseService::getSharedInstance('session', null)
 9 SYSTEMPATH\Config\BaseService.php(321): CodeIgniter\Config\Services::session()
10 SYSTEMPATH\Config\BaseService.php(202): CodeIgniter\Config\BaseService::__callStatic('session', [])
11 SYSTEMPATH\Common.php(998): CodeIgniter\Config\BaseService::get('session')
12 SYSTEMPATH\Common.php(971): service('session')
13 APPPATH\Views\auth\index.php(62): session()
14 SYSTEMPATH\View\View.php(234): include('A:\\project\\projectCI4\\app\\Views\\auth\\index.php')
15 SYSTEMPATH\View\View.php(237): CodeIgniter\View\View->CodeIgniter\View\{closure}()
16 SYSTEMPATH\Common.php(1171): CodeIgniter\View\View->render('auth/index', [], true)
17 APPPATH\Controllers\Auth\Auth.php(14): view('auth/index')
18 SYSTEMPATH\CodeIgniter.php(933): App\Controllers\Auth\Auth->index()
19 SYSTEMPATH\CodeIgniter.php(509): CodeIgniter\CodeIgniter->runController(Object(App\Controllers\Auth\Auth))
20 SYSTEMPATH\CodeIgniter.php(355): CodeIgniter\CodeIgniter->handleRequest(null, Object(Config\Cache), false)
21 SYSTEMPATH\Boot.php(334): CodeIgniter\CodeIgniter->run()
22 SYSTEMPATH\Boot.php(67): CodeIgniter\Boot::runCodeIgniter(Object(CodeIgniter\CodeIgniter))
23 FCPATH\index.php(56): CodeIgniter\Boot::bootWeb(Object(Config\Paths))
24 SYSTEMPATH\rewrite.php(44): require_once('A:\\project\\projectCI4\\public\\index.php')
CRITICAL - 2025-02-24 19:03:26 --> CodeIgniter\Session\Exceptions\SessionException: Session: Configured save path "A:\project\projectCI4\writable\session" is not writable by the PHP process.
[Method: GET, Route: login]
in SYSTEMPATH\Session\Handlers\FileHandler.php on line 103.
 1 SYSTEMPATH\Session\Handlers\FileHandler.php(103): CodeIgniter\Session\Exceptions\SessionException::forWriteProtectedSavePath('A:\\project\\projectCI4\\writable\\session')
 2 [internal function]: CodeIgniter\Session\Handlers\FileHandler->open('A:\\project\\projectCI4\\writable\\session', 'ci_session')
 3 SYSTEMPATH\Session\Session.php(920): session_start()
 4 SYSTEMPATH\Session\Session.php(242): CodeIgniter\Session\Session->startSession()
 5 SYSTEMPATH\Config\Services.php(710): CodeIgniter\Session\Session->start()
 6 SYSTEMPATH\Config\BaseService.php(312): CodeIgniter\Config\Services::session(Object(Config\Session), false)
 7 SYSTEMPATH\Config\BaseService.php(251): CodeIgniter\Config\BaseService::__callStatic('session', [...])
 8 SYSTEMPATH\Config\Services.php(668): CodeIgniter\Config\BaseService::getSharedInstance('session', null)
 9 SYSTEMPATH\Config\BaseService.php(321): CodeIgniter\Config\Services::session()
10 SYSTEMPATH\Config\BaseService.php(202): CodeIgniter\Config\BaseService::__callStatic('session', [])
11 SYSTEMPATH\Common.php(998): CodeIgniter\Config\BaseService::get('session')
12 SYSTEMPATH\Common.php(971): service('session')
13 APPPATH\Views\auth\index.php(62): session()
14 SYSTEMPATH\View\View.php(234): include('A:\\project\\projectCI4\\app\\Views\\auth\\index.php')
15 SYSTEMPATH\View\View.php(237): CodeIgniter\View\View->CodeIgniter\View\{closure}()
16 SYSTEMPATH\Common.php(1171): CodeIgniter\View\View->render('auth/index', [], true)
17 APPPATH\Controllers\Auth\Auth.php(14): view('auth/index')
18 SYSTEMPATH\CodeIgniter.php(933): App\Controllers\Auth\Auth->index()
19 SYSTEMPATH\CodeIgniter.php(509): CodeIgniter\CodeIgniter->runController(Object(App\Controllers\Auth\Auth))
20 SYSTEMPATH\CodeIgniter.php(355): CodeIgniter\CodeIgniter->handleRequest(null, Object(Config\Cache), false)
21 SYSTEMPATH\Boot.php(334): CodeIgniter\CodeIgniter->run()
22 SYSTEMPATH\Boot.php(67): CodeIgniter\Boot::runCodeIgniter(Object(CodeIgniter\CodeIgniter))
23 FCPATH\index.php(56): CodeIgniter\Boot::bootWeb(Object(Config\Paths))
24 SYSTEMPATH\rewrite.php(44): require_once('A:\\project\\projectCI4\\public\\index.php')
CRITICAL - 2025-02-24 19:03:39 --> CodeIgniter\Session\Exceptions\SessionException: Session: Configured save path "A:\project\projectCI4\writable\session" is not writable by the PHP process.
[Method: GET, Route: login]
in SYSTEMPATH\Session\Handlers\FileHandler.php on line 103.
 1 SYSTEMPATH\Session\Handlers\FileHandler.php(103): CodeIgniter\Session\Exceptions\SessionException::forWriteProtectedSavePath('A:\\project\\projectCI4\\writable\\session')
 2 [internal function]: CodeIgniter\Session\Handlers\FileHandler->open('A:\\project\\projectCI4\\writable\\session', 'ci_session')
 3 SYSTEMPATH\Session\Session.php(920): session_start()
 4 SYSTEMPATH\Session\Session.php(242): CodeIgniter\Session\Session->startSession()
 5 SYSTEMPATH\Config\Services.php(710): CodeIgniter\Session\Session->start()
 6 SYSTEMPATH\Config\BaseService.php(312): CodeIgniter\Config\Services::session(Object(Config\Session), false)
 7 SYSTEMPATH\Config\BaseService.php(251): CodeIgniter\Config\BaseService::__callStatic('session', [...])
 8 SYSTEMPATH\Config\Services.php(668): CodeIgniter\Config\BaseService::getSharedInstance('session', null)
 9 SYSTEMPATH\Config\BaseService.php(321): CodeIgniter\Config\Services::session()
10 SYSTEMPATH\Config\BaseService.php(202): CodeIgniter\Config\BaseService::__callStatic('session', [])
11 SYSTEMPATH\Common.php(998): CodeIgniter\Config\BaseService::get('session')
12 SYSTEMPATH\Common.php(971): service('session')
13 APPPATH\Views\auth\index.php(62): session()
14 SYSTEMPATH\View\View.php(234): include('A:\\project\\projectCI4\\app\\Views\\auth\\index.php')
15 SYSTEMPATH\View\View.php(237): CodeIgniter\View\View->CodeIgniter\View\{closure}()
16 SYSTEMPATH\Common.php(1171): CodeIgniter\View\View->render('auth/index', [], true)
17 APPPATH\Controllers\Auth\Auth.php(14): view('auth/index')
18 SYSTEMPATH\CodeIgniter.php(933): App\Controllers\Auth\Auth->index()
19 SYSTEMPATH\CodeIgniter.php(509): CodeIgniter\CodeIgniter->runController(Object(App\Controllers\Auth\Auth))
20 SYSTEMPATH\CodeIgniter.php(355): CodeIgniter\CodeIgniter->handleRequest(null, Object(Config\Cache), false)
21 SYSTEMPATH\Boot.php(334): CodeIgniter\CodeIgniter->run()
22 SYSTEMPATH\Boot.php(67): CodeIgniter\Boot::runCodeIgniter(Object(CodeIgniter\CodeIgniter))
23 FCPATH\index.php(56): CodeIgniter\Boot::bootWeb(Object(Config\Paths))
24 SYSTEMPATH\rewrite.php(44): require_once('A:\\project\\projectCI4\\public\\index.php')
CRITICAL - 2025-02-24 19:11:30 --> CodeIgniter\Session\Exceptions\SessionException: Session: Configured save path "A:\project\projectCI4\writable\session" is not writable by the PHP process.
[Method: GET, Route: login]
in SYSTEMPATH\Session\Handlers\FileHandler.php on line 103.
 1 SYSTEMPATH\Session\Handlers\FileHandler.php(103): CodeIgniter\Session\Exceptions\SessionException::forWriteProtectedSavePath('A:\\project\\projectCI4\\writable\\session')
 2 [internal function]: CodeIgniter\Session\Handlers\FileHandler->open('A:\\project\\projectCI4\\writable\\session', 'ci_session')
 3 SYSTEMPATH\Session\Session.php(920): session_start()
 4 SYSTEMPATH\Session\Session.php(242): CodeIgniter\Session\Session->startSession()
 5 SYSTEMPATH\Config\Services.php(710): CodeIgniter\Session\Session->start()
 6 SYSTEMPATH\Config\BaseService.php(312): CodeIgniter\Config\Services::session(Object(Config\Session), false)
 7 SYSTEMPATH\Config\BaseService.php(251): CodeIgniter\Config\BaseService::__callStatic('session', [...])
 8 SYSTEMPATH\Config\Services.php(668): CodeIgniter\Config\BaseService::getSharedInstance('session', null)
 9 SYSTEMPATH\Config\BaseService.php(321): CodeIgniter\Config\Services::session()
10 SYSTEMPATH\Config\BaseService.php(202): CodeIgniter\Config\BaseService::__callStatic('session', [])
11 SYSTEMPATH\Common.php(998): CodeIgniter\Config\BaseService::get('session')
12 SYSTEMPATH\Common.php(971): service('session')
13 APPPATH\Views\auth\index.php(62): session()
14 SYSTEMPATH\View\View.php(234): include('A:\\project\\projectCI4\\app\\Views\\auth\\index.php')
15 SYSTEMPATH\View\View.php(237): CodeIgniter\View\View->CodeIgniter\View\{closure}()
16 SYSTEMPATH\Common.php(1171): CodeIgniter\View\View->render('auth/index', [], true)
17 APPPATH\Controllers\Auth\Auth.php(14): view('auth/index')
18 SYSTEMPATH\CodeIgniter.php(933): App\Controllers\Auth\Auth->index()
19 SYSTEMPATH\CodeIgniter.php(509): CodeIgniter\CodeIgniter->runController(Object(App\Controllers\Auth\Auth))
20 SYSTEMPATH\CodeIgniter.php(355): CodeIgniter\CodeIgniter->handleRequest(null, Object(Config\Cache), false)
21 SYSTEMPATH\Boot.php(334): CodeIgniter\CodeIgniter->run()
22 SYSTEMPATH\Boot.php(67): CodeIgniter\Boot::runCodeIgniter(Object(CodeIgniter\CodeIgniter))
23 FCPATH\index.php(56): CodeIgniter\Boot::bootWeb(Object(Config\Paths))
24 C:\Program Files\Herd\resources\app.asar.unpacked\resources\valet\server.php(139): require('A:\\project\\projectCI4\\public\\index.php')
CRITICAL - 2025-02-24 19:13:12 --> CodeIgniter\Session\Exceptions\SessionException: Session: Configured save path "A:\project\projectCI4\writable\session" is not writable by the PHP process.
[Method: GET, Route: login]
in SYSTEMPATH\Session\Handlers\FileHandler.php on line 103.
 1 SYSTEMPATH\Session\Handlers\FileHandler.php(103): CodeIgniter\Session\Exceptions\SessionException::forWriteProtectedSavePath('A:\\project\\projectCI4\\writable\\session')
 2 [internal function]: CodeIgniter\Session\Handlers\FileHandler->open('A:\\project\\projectCI4\\writable\\session', 'ci_session')
 3 SYSTEMPATH\Session\Session.php(920): session_start()
 4 SYSTEMPATH\Session\Session.php(242): CodeIgniter\Session\Session->startSession()
 5 SYSTEMPATH\Config\Services.php(710): CodeIgniter\Session\Session->start()
 6 SYSTEMPATH\Config\BaseService.php(312): CodeIgniter\Config\Services::session(Object(Config\Session), false)
 7 SYSTEMPATH\Config\BaseService.php(251): CodeIgniter\Config\BaseService::__callStatic('session', [...])
 8 SYSTEMPATH\Config\Services.php(668): CodeIgniter\Config\BaseService::getSharedInstance('session', null)
 9 SYSTEMPATH\Config\BaseService.php(321): CodeIgniter\Config\Services::session()
10 SYSTEMPATH\Config\BaseService.php(202): CodeIgniter\Config\BaseService::__callStatic('session', [])
11 SYSTEMPATH\Common.php(998): CodeIgniter\Config\BaseService::get('session')
12 SYSTEMPATH\Common.php(971): service('session')
13 APPPATH\Views\auth\index.php(62): session()
14 SYSTEMPATH\View\View.php(234): include('A:\\project\\projectCI4\\app\\Views\\auth\\index.php')
15 SYSTEMPATH\View\View.php(237): CodeIgniter\View\View->CodeIgniter\View\{closure}()
16 SYSTEMPATH\Common.php(1171): CodeIgniter\View\View->render('auth/index', [], true)
17 APPPATH\Controllers\Auth\Auth.php(14): view('auth/index')
18 SYSTEMPATH\CodeIgniter.php(933): App\Controllers\Auth\Auth->index()
19 SYSTEMPATH\CodeIgniter.php(509): CodeIgniter\CodeIgniter->runController(Object(App\Controllers\Auth\Auth))
20 SYSTEMPATH\CodeIgniter.php(355): CodeIgniter\CodeIgniter->handleRequest(null, Object(Config\Cache), false)
21 SYSTEMPATH\Boot.php(334): CodeIgniter\CodeIgniter->run()
22 SYSTEMPATH\Boot.php(67): CodeIgniter\Boot::runCodeIgniter(Object(CodeIgniter\CodeIgniter))
23 FCPATH\index.php(56): CodeIgniter\Boot::bootWeb(Object(Config\Paths))
24 C:\Program Files\Herd\resources\app.asar.unpacked\resources\valet\server.php(139): require('A:\\project\\projectCI4\\public\\index.php')
CRITICAL - 2025-02-24 19:23:28 --> CodeIgniter\Session\Exceptions\SessionException: Session: Configured save path "A:\project\projectCI4\writable\session" is not writable by the PHP process.
[Method: GET, Route: login]
in SYSTEMPATH\Session\Handlers\FileHandler.php on line 103.
 1 SYSTEMPATH\Session\Handlers\FileHandler.php(103): CodeIgniter\Session\Exceptions\SessionException::forWriteProtectedSavePath('A:\\project\\projectCI4\\writable\\session')
 2 [internal function]: CodeIgniter\Session\Handlers\FileHandler->open('A:\\project\\projectCI4\\writable\\session', 'ci_session')
 3 SYSTEMPATH\Session\Session.php(920): session_start()
 4 SYSTEMPATH\Session\Session.php(242): CodeIgniter\Session\Session->startSession()
 5 SYSTEMPATH\Config\Services.php(710): CodeIgniter\Session\Session->start()
 6 SYSTEMPATH\Config\BaseService.php(312): CodeIgniter\Config\Services::session(Object(Config\Session), false)
 7 SYSTEMPATH\Config\BaseService.php(251): CodeIgniter\Config\BaseService::__callStatic('session', [...])
 8 SYSTEMPATH\Config\Services.php(668): CodeIgniter\Config\BaseService::getSharedInstance('session', null)
 9 SYSTEMPATH\Config\BaseService.php(321): CodeIgniter\Config\Services::session()
10 SYSTEMPATH\Config\BaseService.php(202): CodeIgniter\Config\BaseService::__callStatic('session', [])
11 SYSTEMPATH\Common.php(998): CodeIgniter\Config\BaseService::get('session')
12 SYSTEMPATH\Common.php(971): service('session')
13 APPPATH\Views\auth\index.php(62): session()
14 SYSTEMPATH\View\View.php(234): include('A:\\project\\projectCI4\\app\\Views\\auth\\index.php')
15 SYSTEMPATH\View\View.php(237): CodeIgniter\View\View->CodeIgniter\View\{closure}()
16 SYSTEMPATH\Common.php(1171): CodeIgniter\View\View->render('auth/index', [], true)
17 APPPATH\Controllers\Auth\Auth.php(14): view('auth/index')
18 SYSTEMPATH\CodeIgniter.php(933): App\Controllers\Auth\Auth->index()
19 SYSTEMPATH\CodeIgniter.php(509): CodeIgniter\CodeIgniter->runController(Object(App\Controllers\Auth\Auth))
20 SYSTEMPATH\CodeIgniter.php(355): CodeIgniter\CodeIgniter->handleRequest(null, Object(Config\Cache), false)
21 SYSTEMPATH\Boot.php(334): CodeIgniter\CodeIgniter->run()
22 SYSTEMPATH\Boot.php(67): CodeIgniter\Boot::runCodeIgniter(Object(CodeIgniter\CodeIgniter))
23 FCPATH\index.php(56): CodeIgniter\Boot::bootWeb(Object(Config\Paths))
24 C:\Program Files\Herd\resources\app.asar.unpacked\resources\valet\server.php(139): require('A:\\project\\projectCI4\\public\\index.php')
CRITICAL - 2025-02-24 19:26:42 --> ErrorException: Constant expression contains invalid operations
[Method: GET, Route: login]
in APPPATH\Config\Session.php on line 62.
 1 [internal function]: CodeIgniter\Debug\Exceptions->shutdownHandler()
CRITICAL - 2025-02-24 19:30:11 --> ErrorException: Constant expression contains invalid operations
[Method: GET, Route: login]
in APPPATH\Config\Session.php on line 62.
 1 [internal function]: CodeIgniter\Debug\Exceptions->shutdownHandler()
CRITICAL - 2025-02-24 19:31:20 --> InvalidArgumentException: Invalid session handler "File" provided.
[Method: GET, Route: login]
in SYSTEMPATH\Config\Services.php on line 690.
 1 SYSTEMPATH\Config\BaseService.php(312): CodeIgniter\Config\Services::session(Object(Config\Session), false)
 2 SYSTEMPATH\Config\BaseService.php(251): CodeIgniter\Config\BaseService::__callStatic('session', [...])
 3 SYSTEMPATH\Config\Services.php(668): CodeIgniter\Config\BaseService::getSharedInstance('session', null)
 4 SYSTEMPATH\Config\BaseService.php(321): CodeIgniter\Config\Services::session()
 5 SYSTEMPATH\Config\BaseService.php(202): CodeIgniter\Config\BaseService::__callStatic('session', [])
 6 SYSTEMPATH\Common.php(998): CodeIgniter\Config\BaseService::get('session')
 7 SYSTEMPATH\Common.php(971): service('session')
 8 APPPATH\Views\auth\index.php(62): session()
 9 SYSTEMPATH\View\View.php(234): include('A:\\project\\projectCI4\\app\\Views\\auth\\index.php')
10 SYSTEMPATH\View\View.php(237): CodeIgniter\View\View->CodeIgniter\View\{closure}()
11 SYSTEMPATH\Common.php(1171): CodeIgniter\View\View->render('auth/index', [], true)
12 APPPATH\Controllers\Auth\Auth.php(14): view('auth/index')
13 SYSTEMPATH\CodeIgniter.php(933): App\Controllers\Auth\Auth->index()
14 SYSTEMPATH\CodeIgniter.php(509): CodeIgniter\CodeIgniter->runController(Object(App\Controllers\Auth\Auth))
15 SYSTEMPATH\CodeIgniter.php(355): CodeIgniter\CodeIgniter->handleRequest(null, Object(Config\Cache), false)
16 SYSTEMPATH\Boot.php(334): CodeIgniter\CodeIgniter->run()
17 SYSTEMPATH\Boot.php(67): CodeIgniter\Boot::runCodeIgniter(Object(CodeIgniter\CodeIgniter))
18 FCPATH\index.php(56): CodeIgniter\Boot::bootWeb(Object(Config\Paths))
19 C:\Program Files\Herd\resources\app.asar.unpacked\resources\valet\server.php(139): require('A:\\project\\projectCI4\\public\\index.php')
CRITICAL - 2025-02-24 19:31:38 --> CodeIgniter\Session\Exceptions\SessionException: Session: Configured save path "A:\project\projectCI4\writable\session" is not writable by the PHP process.
[Method: GET, Route: login]
in SYSTEMPATH\Session\Handlers\FileHandler.php on line 103.
 1 SYSTEMPATH\Session\Handlers\FileHandler.php(103): CodeIgniter\Session\Exceptions\SessionException::forWriteProtectedSavePath('A:\\project\\projectCI4\\writable\\session')
 2 [internal function]: CodeIgniter\Session\Handlers\FileHandler->open('A:\\project\\projectCI4\\writable\\session', 'ci_session')
 3 SYSTEMPATH\Session\Session.php(920): session_start()
 4 SYSTEMPATH\Session\Session.php(242): CodeIgniter\Session\Session->startSession()
 5 SYSTEMPATH\Config\Services.php(710): CodeIgniter\Session\Session->start()
 6 SYSTEMPATH\Config\BaseService.php(312): CodeIgniter\Config\Services::session(Object(Config\Session), false)
 7 SYSTEMPATH\Config\BaseService.php(251): CodeIgniter\Config\BaseService::__callStatic('session', [...])
 8 SYSTEMPATH\Config\Services.php(668): CodeIgniter\Config\BaseService::getSharedInstance('session', null)
 9 SYSTEMPATH\Config\BaseService.php(321): CodeIgniter\Config\Services::session()
10 SYSTEMPATH\Config\BaseService.php(202): CodeIgniter\Config\BaseService::__callStatic('session', [])
11 SYSTEMPATH\Common.php(998): CodeIgniter\Config\BaseService::get('session')
12 SYSTEMPATH\Common.php(971): service('session')
13 APPPATH\Views\auth\index.php(62): session()
14 SYSTEMPATH\View\View.php(234): include('A:\\project\\projectCI4\\app\\Views\\auth\\index.php')
15 SYSTEMPATH\View\View.php(237): CodeIgniter\View\View->CodeIgniter\View\{closure}()
16 SYSTEMPATH\Common.php(1171): CodeIgniter\View\View->render('auth/index', [], true)
17 APPPATH\Controllers\Auth\Auth.php(14): view('auth/index')
18 SYSTEMPATH\CodeIgniter.php(933): App\Controllers\Auth\Auth->index()
19 SYSTEMPATH\CodeIgniter.php(509): CodeIgniter\CodeIgniter->runController(Object(App\Controllers\Auth\Auth))
20 SYSTEMPATH\CodeIgniter.php(355): CodeIgniter\CodeIgniter->handleRequest(null, Object(Config\Cache), false)
21 SYSTEMPATH\Boot.php(334): CodeIgniter\CodeIgniter->run()
22 SYSTEMPATH\Boot.php(67): CodeIgniter\Boot::runCodeIgniter(Object(CodeIgniter\CodeIgniter))
23 FCPATH\index.php(56): CodeIgniter\Boot::bootWeb(Object(Config\Paths))
24 C:\Program Files\Herd\resources\app.asar.unpacked\resources\valet\server.php(139): require('A:\\project\\projectCI4\\public\\index.php')
DEBUG - 2025-02-24 19:32:34 --> Session: Class initialized using 'CodeIgniter\Session\Handlers\FileHandler' driver.
DEBUG - 2025-02-24 19:35:39 --> Session: Class initialized using 'CodeIgniter\Session\Handlers\FileHandler' driver.
DEBUG - 2025-02-24 19:35:39 --> Session: Class initialized using 'CodeIgniter\Session\Handlers\FileHandler' driver.
DEBUG - 2025-02-24 19:36:12 --> Session: Class initialized using 'CodeIgniter\Session\Handlers\FileHandler' driver.
DEBUG - 2025-02-24 19:36:12 --> Session: Class initialized using 'CodeIgniter\Session\Handlers\FileHandler' driver.
DEBUG - 2025-02-24 19:36:23 --> Session: Class initialized using 'CodeIgniter\Session\Handlers\FileHandler' driver.
DEBUG - 2025-02-24 19:36:23 --> Session: Class initialized using 'CodeIgniter\Session\Handlers\FileHandler' driver.
DEBUG - 2025-02-24 19:36:40 --> Session: Class initialized using 'CodeIgniter\Session\Handlers\FileHandler' driver.
DEBUG - 2025-02-24 19:36:40 --> Session: Class initialized using 'CodeIgniter\Session\Handlers\FileHandler' driver.
DEBUG - 2025-02-24 19:36:49 --> Session: Class initialized using 'CodeIgniter\Session\Handlers\FileHandler' driver.
DEBUG - 2025-02-24 19:44:12 --> Session: Class initialized using 'CodeIgniter\Session\Handlers\FileHandler' driver.
DEBUG - 2025-02-24 19:44:12 --> Session: Class initialized using 'CodeIgniter\Session\Handlers\FileHandler' driver.
