CRITICAL - 2025-01-03 17:33:17 --> CodeIgniter\View\Exceptions\ViewException: Invalid file: "index.php"
[Method: GET, Route: /]
in SYSTEMPATH/Exceptions/FrameworkException.php on line 41.
 1 SYSTEMPATH/View/View.php(222): CodeIgniter\Exceptions\FrameworkException::forInvalidFile()
 2 SYSTEMPATH/Common.php(1171): CodeIgniter\View\View->render()
 3 APPPATH/Controllers/WelcomController.php(12): view()
 4 SYSTEMPATH/CodeIgniter.php(933): App\Controllers\WelcomController->index()
 5 SYSTEMPATH/CodeIgniter.php(509): CodeIgniter\CodeIgniter->runController()
 6 SYSTEMPATH/CodeIgniter.php(355): CodeIgniter\CodeIgniter->handleRequest()
 7 SYSTEMPATH/Boot.php(334): CodeIgniter\CodeIgniter->run()
 8 SYSTEMPATH/Boot.php(67): CodeIgniter\Boot::runCodeIgniter()
 9 FCPATH/index.php(56): CodeIgniter\Boot::bootWeb()
10 SYSTEMPATH/rewrite.php(44): require_once('/home/arfaj/Documents/project/client_pengajuan/public/index.php')
CRITICAL - 2025-01-03 17:59:18 --> ParseError: syntax error, unexpected token "}"
[Method: CLI, Route: make:controller/Auth/Auth]
in APPPATH/Config/Routes.php on line 12.
 1 SYSTEMPATH/CLI/Console.php(41): CodeIgniter\Router\RouteCollection->loadRoutes()
 2 SYSTEMPATH/Boot.php(360): CodeIgniter\CLI\Console->run()
 3 SYSTEMPATH/Boot.php(104): CodeIgniter\Boot::runCommand()
 4 ROOTPATH/spark(84): CodeIgniter\Boot::bootSpark()
CRITICAL - 2025-01-03 17:59:40 --> ParseError: syntax error, unexpected token "}"
[Method: CLI, Route: make:controller/Auth]
in APPPATH/Config/Routes.php on line 12.
 1 SYSTEMPATH/CLI/Console.php(41): CodeIgniter\Router\RouteCollection->loadRoutes()
 2 SYSTEMPATH/Boot.php(360): CodeIgniter\CLI\Console->run()
 3 SYSTEMPATH/Boot.php(104): CodeIgniter\Boot::runCommand()
 4 ROOTPATH/spark(84): CodeIgniter\Boot::bootSpark()
CRITICAL - 2025-01-03 18:07:59 --> Error: Call to undefined function route()
[Method: GET, Route: /]
in APPPATH/Views/index.php on line 10.
 1 SYSTEMPATH/View/View.php(234): include()
 2 SYSTEMPATH/View/View.php(237): CodeIgniter\View\View->CodeIgniter\View\{closure}()
 3 SYSTEMPATH/Common.php(1171): CodeIgniter\View\View->render()
 4 APPPATH/Controllers/WelcomController.php(12): view()
 5 SYSTEMPATH/CodeIgniter.php(933): App\Controllers\WelcomController->index()
 6 SYSTEMPATH/CodeIgniter.php(509): CodeIgniter\CodeIgniter->runController()
 7 SYSTEMPATH/CodeIgniter.php(355): CodeIgniter\CodeIgniter->handleRequest()
 8 SYSTEMPATH/Boot.php(334): CodeIgniter\CodeIgniter->run()
 9 SYSTEMPATH/Boot.php(67): CodeIgniter\Boot::runCodeIgniter()
10 FCPATH/index.php(56): CodeIgniter\Boot::bootWeb()
11 SYSTEMPATH/rewrite.php(44): require_once('/home/arfaj/Documents/project/client_pengajuan/public/index.php')
CRITICAL - 2025-01-03 18:08:01 --> Error: Call to undefined function route()
[Method: GET, Route: /]
in APPPATH/Views/index.php on line 10.
 1 SYSTEMPATH/View/View.php(234): include()
 2 SYSTEMPATH/View/View.php(237): CodeIgniter\View\View->CodeIgniter\View\{closure}()
 3 SYSTEMPATH/Common.php(1171): CodeIgniter\View\View->render()
 4 APPPATH/Controllers/WelcomController.php(12): view()
 5 SYSTEMPATH/CodeIgniter.php(933): App\Controllers\WelcomController->index()
 6 SYSTEMPATH/CodeIgniter.php(509): CodeIgniter\CodeIgniter->runController()
 7 SYSTEMPATH/CodeIgniter.php(355): CodeIgniter\CodeIgniter->handleRequest()
 8 SYSTEMPATH/Boot.php(334): CodeIgniter\CodeIgniter->run()
 9 SYSTEMPATH/Boot.php(67): CodeIgniter\Boot::runCodeIgniter()
10 FCPATH/index.php(56): CodeIgniter\Boot::bootWeb()
11 SYSTEMPATH/rewrite.php(44): require_once('/home/arfaj/Documents/project/client_pengajuan/public/index.php')
CRITICAL - 2025-01-03 18:11:50 --> Error: Call to undefined function route()
[Method: GET, Route: /]
in APPPATH/Views/index.php on line 10.
 1 SYSTEMPATH/View/View.php(234): include()
 2 SYSTEMPATH/View/View.php(237): CodeIgniter\View\View->CodeIgniter\View\{closure}()
 3 SYSTEMPATH/Common.php(1171): CodeIgniter\View\View->render()
 4 APPPATH/Controllers/WelcomController.php(17): view()
 5 SYSTEMPATH/CodeIgniter.php(933): App\Controllers\WelcomController->index()
 6 SYSTEMPATH/CodeIgniter.php(509): CodeIgniter\CodeIgniter->runController()
 7 SYSTEMPATH/CodeIgniter.php(355): CodeIgniter\CodeIgniter->handleRequest()
 8 SYSTEMPATH/Boot.php(334): CodeIgniter\CodeIgniter->run()
 9 SYSTEMPATH/Boot.php(67): CodeIgniter\Boot::runCodeIgniter()
10 FCPATH/index.php(56): CodeIgniter\Boot::bootWeb()
11 SYSTEMPATH/rewrite.php(44): require_once('/home/arfaj/Documents/project/client_pengajuan/public/index.php')
CRITICAL - 2025-01-03 18:13:46 --> CodeIgniter\Router\Exceptions\RouterException: The namespace delimiter is a backslash (\), not a slash (/). Route handler: "\App\Controllers\Auth/Auth::index"
[Method: GET, Route: login]
in SYSTEMPATH/Router/Router.php on line 492.
 1 SYSTEMPATH/Router/Router.php(492): CodeIgniter\Router\Exceptions\RouterException::forInvalidControllerName()
 2 SYSTEMPATH/Router/Router.php(210): CodeIgniter\Router\Router->checkRoutes()
 3 SYSTEMPATH/CodeIgniter.php(834): CodeIgniter\Router\Router->handle()
 4 SYSTEMPATH/CodeIgniter.php(457): CodeIgniter\CodeIgniter->tryToRouteIt()
 5 SYSTEMPATH/CodeIgniter.php(355): CodeIgniter\CodeIgniter->handleRequest()
 6 SYSTEMPATH/Boot.php(334): CodeIgniter\CodeIgniter->run()
 7 SYSTEMPATH/Boot.php(67): CodeIgniter\Boot::runCodeIgniter()
 8 FCPATH/index.php(56): CodeIgniter\Boot::bootWeb()
 9 SYSTEMPATH/rewrite.php(44): require_once('/home/arfaj/Documents/project/client_pengajuan/public/index.php')
